2026-01-01T12:21:38: PM2 log: ===============================================================================
2026-01-01T12:21:38: PM2 log: --- New PM2 Daemon started ----------------------------------------------------
2026-01-01T12:21:38: PM2 log: Time                 : Thu Jan 01 2026 12:21:38 GMT+0300 (East Africa Time)
2026-01-01T12:21:38: PM2 log: PM2 version          : 6.0.14
2026-01-01T12:21:38: PM2 log: Node.js version      : 25.2.1
2026-01-01T12:21:38: PM2 log: Current arch         : arm
2026-01-01T12:21:38: PM2 log: PM2 home             : /data/data/com.termux/files/home/.pm2
2026-01-01T12:21:38: PM2 log: PM2 PID file         : /data/data/com.termux/files/home/.pm2/pm2.pid
2026-01-01T12:21:38: PM2 log: RPC socket file      : /data/data/com.termux/files/home/.pm2/rpc.sock
2026-01-01T12:21:38: PM2 log: BUS socket file      : /data/data/com.termux/files/home/.pm2/pub.sock
2026-01-01T12:21:38: PM2 log: Application log path : /data/data/com.termux/files/home/.pm2/logs
2026-01-01T12:21:38: PM2 log: Worker Interval      : 30000
2026-01-01T12:21:38: PM2 log: Process dump file    : /data/data/com.termux/files/home/.pm2/dump.pm2
2026-01-01T12:21:38: PM2 log: Concurrent actions   : 2
2026-01-01T12:21:38: PM2 log: SIGTERM timeout      : 1600
2026-01-01T12:21:38: PM2 log: Runtime Binary       : /data/data/com.termux/files/usr/bin/node
2026-01-01T12:21:38: PM2 log: ===============================================================================
2026-01-01T12:21:38: PM2 log: App [server:0] starting in -fork mode-
2026-01-01T12:21:38: PM2 log: App [server:0] online
2026-01-01T12:21:38: PM2 warn: [pidusage] We couldn't find uptime from /proc/uptime, using os.uptime() value
2026-01-01T12:21:38: PM2 error: Error while calling "getconf PAGESIZE" Error: Command failed: getconf PAGESIZE
/data/data/com.termux/files/usr/bin/sh: 1: getconf: not found

    at genericNodeError (node:internal/errors:998:15)
    at wrappedFn (node:internal/errors:543:14)
    at ChildProcess.exithandler (node:child_process:417:12)
    at ChildProcess.emit (node:events:508:28)
    at ChildProcess.emit (node:domain:552:15)
    at maybeClose (node:internal/child_process:1085:16)
    at Socket.<anonymous> (node:internal/child_process:456:11)
    at Socket.emit (node:events:508:28)
    at Socket.emit (node:domain:552:15)
    at Pipe.<anonymous> (node:net:346:12) {
  code: 127,
  killed: false,
  signal: null,
  cmd: 'getconf PAGESIZE'
}
2026-01-01T12:21:38: PM2 error: Error while calling "getconf CLK_TCK" Error: Command failed: getconf CLK_TCK
/data/data/com.termux/files/usr/bin/sh: 1: getconf: not found

    at genericNodeError (node:internal/errors:998:15)
    at wrappedFn (node:internal/errors:543:14)
    at ChildProcess.exithandler (node:child_process:417:12)
    at ChildProcess.emit (node:events:508:28)
    at ChildProcess.emit (node:domain:552:15)
    at maybeClose (node:internal/child_process:1085:16)
    at Socket.<anonymous> (node:internal/child_process:456:11)
    at Socket.emit (node:events:508:28)
    at Socket.emit (node:domain:552:15)
    at Pipe.<anonymous> (node:net:346:12) {
  code: 127,
  killed: false,
  signal: null,
  cmd: 'getconf CLK_TCK'
}
2026-01-01T12:22:08: PM2 warn: [pidusage] We couldn't find uptime from /proc/uptime, using os.uptime() value
2026-01-01T12:22:38: PM2 warn: [pidusage] We couldn't find uptime from /proc/uptime, using os.uptime() value
2026-01-01T12:23:08: PM2 warn: [pidusage] We couldn't find uptime from /proc/uptime, using os.uptime() value
2026-01-01T12:23:38: PM2 warn: [pidusage] We couldn't find uptime from /proc/uptime, using os.uptime() value
2026-01-01T12:24:08: PM2 warn: [pidusage] We couldn't find uptime from /proc/uptime, using os.uptime() value
2026-01-01T12:24:38: PM2 warn: [pidusage] We couldn't find uptime from /proc/uptime, using os.uptime() value
2026-01-01T12:25:08: PM2 warn: [pidusage] We couldn't find uptime from /proc/uptime, using os.uptime() value
2026-01-01T12:25:38: PM2 warn: [pidusage] We couldn't find uptime from /proc/uptime, using os.uptime() value
2026-01-01T12:26:08: PM2 warn: [pidusage] We couldn't find uptime from /proc/uptime, using os.uptime() value
2026-01-01T12:26:38: PM2 warn: [pidusage] We couldn't find uptime from /proc/uptime, using os.uptime() value
2026-01-01T12:27:08: PM2 warn: [pidusage] We couldn't find uptime from /proc/uptime, using os.uptime() value
2026-01-01T12:27:38: PM2 warn: [pidusage] We couldn't find uptime from /proc/uptime, using os.uptime() value
2026-01-01T12:28:08: PM2 warn: [pidusage] We couldn't find uptime from /proc/uptime, using os.uptime() value
2026-01-01T12:28:38: PM2 warn: [pidusage] We couldn't find uptime from /proc/uptime, using os.uptime() value
2026-01-01T12:29:08: PM2 warn: [pidusage] We couldn't find uptime from /proc/uptime, using os.uptime() value
2026-01-01T12:29:38: PM2 warn: [pidusage] We couldn't find uptime from /proc/uptime, using os.uptime() value
2026-01-01T12:30:08: PM2 warn: [pidusage] We couldn't find uptime from /proc/uptime, using os.uptime() value
2026-01-01T12:30:38: PM2 warn: [pidusage] We couldn't find uptime from /proc/uptime, using os.uptime() value
2026-01-01T12:31:08: PM2 warn: [pidusage] We couldn't find uptime from /proc/uptime, using os.uptime() value
2026-01-01T12:31:38: PM2 warn: [pidusage] We couldn't find uptime from /proc/uptime, using os.uptime() value
2026-01-01T12:32:08: PM2 warn: [pidusage] We couldn't find uptime from /proc/uptime, using os.uptime() value
2026-01-01T12:32:38: PM2 warn: [pidusage] We couldn't find uptime from /proc/uptime, using os.uptime() value
2026-01-01T12:33:08: PM2 warn: [pidusage] We couldn't find uptime from /proc/uptime, using os.uptime() value
2026-01-01T12:33:38: PM2 warn: [pidusage] We couldn't find uptime from /proc/uptime, using os.uptime() value
2026-01-01T12:34:08: PM2 warn: [pidusage] We couldn't find uptime from /proc/uptime, using os.uptime() value
2026-01-01T12:34:38: PM2 warn: [pidusage] We couldn't find uptime from /proc/uptime, using os.uptime() value
2026-01-01T12:35:08: PM2 warn: [pidusage] We couldn't find uptime from /proc/uptime, using os.uptime() value
2026-01-01T12:35:38: PM2 warn: [pidusage] We couldn't find uptime from /proc/uptime, using os.uptime() value
2026-01-01T12:36:08: PM2 warn: [pidusage] We couldn't find uptime from /proc/uptime, using os.uptime() value
2026-01-01T12:36:38: PM2 warn: [pidusage] We couldn't find uptime from /proc/uptime, using os.uptime() value
2026-01-01T12:37:08: PM2 warn: [pidusage] We couldn't find uptime from /proc/uptime, using os.uptime() value
2026-01-01T12:37:38: PM2 warn: [pidusage] We couldn't find uptime from /proc/uptime, using os.uptime() value
2026-01-01T12:38:08: PM2 warn: [pidusage] We couldn't find uptime from /proc/uptime, using os.uptime() value
2026-01-01T12:38:38: PM2 warn: [pidusage] We couldn't find uptime from /proc/uptime, using os.uptime() value
2026-01-01T12:39:08: PM2 warn: [pidusage] We couldn't find uptime from /proc/uptime, using os.uptime() value
2026-01-01T12:39:38: PM2 warn: [pidusage] We couldn't find uptime from /proc/uptime, using os.uptime() value
2026-01-01T12:40:08: PM2 warn: [pidusage] We couldn't find uptime from /proc/uptime, using os.uptime() value
2026-01-01T12:40:38: PM2 warn: [pidusage] We couldn't find uptime from /proc/uptime, using os.uptime() value
2026-01-01T12:41:08: PM2 warn: [pidusage] We couldn't find uptime from /proc/uptime, using os.uptime() value
2026-01-01T12:41:38: PM2 warn: [pidusage] We couldn't find uptime from /proc/uptime, using os.uptime() value
2026-01-01T12:42:08: PM2 warn: [pidusage] We couldn't find uptime from /proc/uptime, using os.uptime() value
2026-01-01T12:42:38: PM2 warn: [pidusage] We couldn't find uptime from /proc/uptime, using os.uptime() value
2026-01-01T12:43:08: PM2 warn: [pidusage] We couldn't find uptime from /proc/uptime, using os.uptime() value
2026-01-01T12:43:38: PM2 warn: [pidusage] We couldn't find uptime from /proc/uptime, using os.uptime() value
2026-01-01T12:44:08: PM2 warn: [pidusage] We couldn't find uptime from /proc/uptime, using os.uptime() value
2026-01-01T12:44:38: PM2 warn: [pidusage] We couldn't find uptime from /proc/uptime, using os.uptime() value
2026-01-01T12:45:08: PM2 warn: [pidusage] We couldn't find uptime from /proc/uptime, using os.uptime() value
2026-01-01T12:45:38: PM2 warn: [pidusage] We couldn't find uptime from /proc/uptime, using os.uptime() value
2026-01-01T12:46:08: PM2 warn: [pidusage] We couldn't find uptime from /proc/uptime, using os.uptime() value
2026-01-01T12:46:38: PM2 warn: [pidusage] We couldn't find uptime from /proc/uptime, using os.uptime() value
2026-01-01T12:47:08: PM2 warn: [pidusage] We couldn't find uptime from /proc/uptime, using os.uptime() value
2026-01-01T12:47:38: PM2 warn: [pidusage] We couldn't find uptime from /proc/uptime, using os.uptime() value
2026-01-01T12:48:08: PM2 warn: [pidusage] We couldn't find uptime from /proc/uptime, using os.uptime() value
2026-01-01T12:48:38: PM2 warn: [pidusage] We couldn't find uptime from /proc/uptime, using os.uptime() value
2026-01-01T12:49:08: PM2 warn: [pidusage] We couldn't find uptime from /proc/uptime, using os.uptime() value
2026-01-01T12:49:38: PM2 warn: [pidusage] We couldn't find uptime from /proc/uptime, using os.uptime() value
2026-01-01T12:50:08: PM2 warn: [pidusage] We couldn't find uptime from /proc/uptime, using os.uptime() value
2026-01-01T12:50:38: PM2 warn: [pidusage] We couldn't find uptime from /proc/uptime, using os.uptime() value
2026-01-01T12:51:08: PM2 warn: [pidusage] We couldn't find uptime from /proc/uptime, using os.uptime() value
2026-01-01T12:51:38: PM2 warn: [pidusage] We couldn't find uptime from /proc/uptime, using os.uptime() value
2026-01-01T12:52:08: PM2 warn: [pidusage] We couldn't find uptime from /proc/uptime, using os.uptime() value
2026-01-01T12:52:38: PM2 warn: [pidusage] We couldn't find uptime from /proc/uptime, using os.uptime() value
2026-01-01T12:53:08: PM2 warn: [pidusage] We couldn't find uptime from /proc/uptime, using os.uptime() value
2026-01-01T12:53:38: PM2 warn: [pidusage] We couldn't find uptime from /proc/uptime, using os.uptime() value
2026-01-01T12:54:08: PM2 warn: [pidusage] We couldn't find uptime from /proc/uptime, using os.uptime() value
2026-01-01T12:54:38: PM2 warn: [pidusage] We couldn't find uptime from /proc/uptime, using os.uptime() value
2026-01-01T12:55:08: PM2 warn: [pidusage] We couldn't find uptime from /proc/uptime, using os.uptime() value
2026-01-01T12:55:38: PM2 warn: [pidusage] We couldn't find uptime from /proc/uptime, using os.uptime() value
2026-01-01T12:56:08: PM2 warn: [pidusage] We couldn't find uptime from /proc/uptime, using os.uptime() value
2026-01-01T12:56:38: PM2 warn: [pidusage] We couldn't find uptime from /proc/uptime, using os.uptime() value
2026-01-01T12:57:08: PM2 warn: [pidusage] We couldn't find uptime from /proc/uptime, using os.uptime() value
2026-01-01T12:57:38: PM2 warn: [pidusage] We couldn't find uptime from /proc/uptime, using os.uptime() value
2026-01-01T12:58:08: PM2 warn: [pidusage] We couldn't find uptime from /proc/uptime, using os.uptime() value
2026-01-01T12:58:38: PM2 warn: [pidusage] We couldn't find uptime from /proc/uptime, using os.uptime() value
2026-01-01T12:59:08: PM2 warn: [pidusage] We couldn't find uptime from /proc/uptime, using os.uptime() value
2026-01-01T12:59:38: PM2 warn: [pidusage] We couldn't find uptime from /proc/uptime, using os.uptime() value
2026-01-01T13:00:08: PM2 warn: [pidusage] We couldn't find uptime from /proc/uptime, using os.uptime() value
2026-01-01T13:00:38: PM2 warn: [pidusage] We couldn't find uptime from /proc/uptime, using os.uptime() value
2026-01-01T13:01:08: PM2 warn: [pidusage] We couldn't find uptime from /proc/uptime, using os.uptime() value
2026-01-01T13:01:38: PM2 warn: [pidusage] We couldn't find uptime from /proc/uptime, using os.uptime() value
2026-01-01T13:02:08: PM2 warn: [pidusage] We couldn't find uptime from /proc/uptime, using os.uptime() value
2026-01-01T13:02:38: PM2 warn: [pidusage] We couldn't find uptime from /proc/uptime, using os.uptime() value
2026-01-01T13:03:08: PM2 warn: [pidusage] We couldn't find uptime from /proc/uptime, using os.uptime() value
2026-01-01T13:03:38: PM2 warn: [pidusage] We couldn't find uptime from /proc/uptime, using os.uptime() value
2026-01-01T13:04:08: PM2 warn: [pidusage] We couldn't find uptime from /proc/uptime, using os.uptime() value
2026-01-01T13:04:38: PM2 warn: [pidusage] We couldn't find uptime from /proc/uptime, using os.uptime() value
2026-01-01T13:05:08: PM2 warn: [pidusage] We couldn't find uptime from /proc/uptime, using os.uptime() value
2026-01-01T13:05:38: PM2 warn: [pidusage] We couldn't find uptime from /proc/uptime, using os.uptime() value
2026-01-01T13:06:08: PM2 warn: [pidusage] We couldn't find uptime from /proc/uptime, using os.uptime() value
2026-01-01T13:06:38: PM2 warn: [pidusage] We couldn't find uptime from /proc/uptime, using os.uptime() value
2026-01-01T13:07:08: PM2 warn: [pidusage] We couldn't find uptime from /proc/uptime, using os.uptime() value
2026-01-01T13:07:38: PM2 warn: [pidusage] We couldn't find uptime from /proc/uptime, using os.uptime() value
2026-01-01T13:08:09: PM2 warn: [pidusage] We couldn't find uptime from /proc/uptime, using os.uptime() value
2026-01-01T13:08:38: PM2 warn: [pidusage] We couldn't find uptime from /proc/uptime, using os.uptime() value
2026-01-01T13:09:08: PM2 warn: [pidusage] We couldn't find uptime from /proc/uptime, using os.uptime() value
2026-01-01T13:09:38: PM2 warn: [pidusage] We couldn't find uptime from /proc/uptime, using os.uptime() value
2026-01-01T13:10:08: PM2 warn: [pidusage] We couldn't find uptime from /proc/uptime, using os.uptime() value
2026-01-01T13:10:38: PM2 warn: [pidusage] We couldn't find uptime from /proc/uptime, using os.uptime() value
2026-01-01T13:11:08: PM2 warn: [pidusage] We couldn't find uptime from /proc/uptime, using os.uptime() value
2026-01-01T13:11:38: PM2 warn: [pidusage] We couldn't find uptime from /proc/uptime, using os.uptime() value
2026-01-01T13:12:08: PM2 warn: [pidusage] We couldn't find uptime from /proc/uptime, using os.uptime() value
2026-01-01T13:12:38: PM2 warn: [pidusage] We couldn't find uptime from /proc/uptime, using os.uptime() value
2026-01-01T13:13:08: PM2 warn: [pidusage] We couldn't find uptime from /proc/uptime, using os.uptime() value
2026-01-01T13:13:38: PM2 warn: [pidusage] We couldn't find uptime from /proc/uptime, using os.uptime() value
2026-01-01T13:14:08: PM2 warn: [pidusage] We couldn't find uptime from /proc/uptime, using os.uptime() value
2026-01-01T13:14:39: PM2 warn: [pidusage] We couldn't find uptime from /proc/uptime, using os.uptime() value
2026-01-01T13:15:09: PM2 warn: [pidusage] We couldn't find uptime from /proc/uptime, using os.uptime() value
2026-01-01T13:15:38: PM2 warn: [pidusage] We couldn't find uptime from /proc/uptime, using os.uptime() value
2026-01-01T13:16:08: PM2 warn: [pidusage] We couldn't find uptime from /proc/uptime, using os.uptime() value
2026-01-01T13:16:38: PM2 warn: [pidusage] We couldn't find uptime from /proc/uptime, using os.uptime() value
2026-01-01T13:17:08: PM2 warn: [pidusage] We couldn't find uptime from /proc/uptime, using os.uptime() value
2026-01-01T13:17:38: PM2 warn: [pidusage] We couldn't find uptime from /proc/uptime, using os.uptime() value
2026-01-01T13:18:08: PM2 warn: [pidusage] We couldn't find uptime from /proc/uptime, using os.uptime() value
2026-01-01T13:18:38: PM2 warn: [pidusage] We couldn't find uptime from /proc/uptime, using os.uptime() value
2026-01-01T13:19:08: PM2 warn: [pidusage] We couldn't find uptime from /proc/uptime, using os.uptime() value
2026-01-01T13:19:38: PM2 warn: [pidusage] We couldn't find uptime from /proc/uptime, using os.uptime() value
2026-01-01T13:20:08: PM2 warn: [pidusage] We couldn't find uptime from /proc/uptime, using os.uptime() value
2026-01-01T13:20:38: PM2 warn: [pidusage] We couldn't find uptime from /proc/uptime, using os.uptime() value
2026-01-01T13:21:08: PM2 warn: [pidusage] We couldn't find uptime from /proc/uptime, using os.uptime() value
2026-01-01T13:21:38: PM2 warn: [pidusage] We couldn't find uptime from /proc/uptime, using os.uptime() value
2026-01-01T13:22:08: PM2 warn: [pidusage] We couldn't find uptime from /proc/uptime, using os.uptime() value
2026-01-01T13:22:38: PM2 warn: [pidusage] We couldn't find uptime from /proc/uptime, using os.uptime() value
2026-01-01T13:23:08: PM2 warn: [pidusage] We couldn't find uptime from /proc/uptime, using os.uptime() value
2026-01-01T13:23:38: PM2 warn: [pidusage] We couldn't find uptime from /proc/uptime, using os.uptime() value
2026-01-01T13:24:09: PM2 warn: [pidusage] We couldn't find uptime from /proc/uptime, using os.uptime() value
2026-01-01T13:24:39: PM2 warn: [pidusage] We couldn't find uptime from /proc/uptime, using os.uptime() value
2026-01-01T13:25:08: PM2 warn: [pidusage] We couldn't find uptime from /proc/uptime, using os.uptime() value
2026-01-01T13:25:39: PM2 warn: [pidusage] We couldn't find uptime from /proc/uptime, using os.uptime() value
2026-01-01T13:26:09: PM2 warn: [pidusage] We couldn't find uptime from /proc/uptime, using os.uptime() value
2026-01-01T13:26:39: PM2 warn: [pidusage] We couldn't find uptime from /proc/uptime, using os.uptime() value
2026-01-01T13:27:09: PM2 warn: [pidusage] We couldn't find uptime from /proc/uptime, using os.uptime() value
2026-01-01T13:27:39: PM2 warn: [pidusage] We couldn't find uptime from /proc/uptime, using os.uptime() value
2026-01-01T13:28:09: PM2 warn: [pidusage] We couldn't find uptime from /proc/uptime, using os.uptime() value
2026-01-01T13:28:39: PM2 warn: [pidusage] We couldn't find uptime from /proc/uptime, using os.uptime() value
2026-01-01T13:29:09: PM2 warn: [pidusage] We couldn't find uptime from /proc/uptime, using os.uptime() value
2026-01-01T13:29:39: PM2 warn: [pidusage] We couldn't find uptime from /proc/uptime, using os.uptime() value
2026-01-01T13:30:09: PM2 warn: [pidusage] We couldn't find uptime from /proc/uptime, using os.uptime() value
2026-01-01T13:30:39: PM2 warn: [pidusage] We couldn't find uptime from /proc/uptime, using os.uptime() value
2026-01-01T13:31:09: PM2 warn: [pidusage] We couldn't find uptime from /proc/uptime, using os.uptime() value
2026-01-01T13:31:39: PM2 warn: [pidusage] We couldn't find uptime from /proc/uptime, using os.uptime() value
2026-01-01T13:32:09: PM2 warn: [pidusage] We couldn't find uptime from /proc/uptime, using os.uptime() value
2026-01-01T13:32:39: PM2 warn: [pidusage] We couldn't find uptime from /proc/uptime, using os.uptime() value
2026-01-01T13:33:09: PM2 warn: [pidusage] We couldn't find uptime from /proc/uptime, using os.uptime() value
2026-01-01T13:33:39: PM2 warn: [pidusage] We couldn't find uptime from /proc/uptime, using os.uptime() value
2026-01-01T13:34:09: PM2 warn: [pidusage] We couldn't find uptime from /proc/uptime, using os.uptime() value
2026-01-01T13:34:39: PM2 warn: [pidusage] We couldn't find uptime from /proc/uptime, using os.uptime() value
2026-01-01T13:35:09: PM2 warn: [pidusage] We couldn't find uptime from /proc/uptime, using os.uptime() value
2026-01-01T13:35:39: PM2 warn: [pidusage] We couldn't find uptime from /proc/uptime, using os.uptime() value
2026-01-01T13:36:09: PM2 warn: [pidusage] We couldn't find uptime from /proc/uptime, using os.uptime() value
2026-01-01T13:36:39: PM2 warn: [pidusage] We couldn't find uptime from /proc/uptime, using os.uptime() value
2026-01-01T13:37:09: PM2 warn: [pidusage] We couldn't find uptime from /proc/uptime, using os.uptime() value
2026-01-01T13:37:39: PM2 warn: [pidusage] We couldn't find uptime from /proc/uptime, using os.uptime() value
2026-01-01T13:38:09: PM2 warn: [pidusage] We couldn't find uptime from /proc/uptime, using os.uptime() value
2026-01-01T13:38:39: PM2 warn: [pidusage] We couldn't find uptime from /proc/uptime, using os.uptime() value
2026-01-01T13:39:09: PM2 warn: [pidusage] We couldn't find uptime from /proc/uptime, using os.uptime() value
2026-01-01T13:39:39: PM2 warn: [pidusage] We couldn't find uptime from /proc/uptime, using os.uptime() value
2026-01-01T13:40:09: PM2 warn: [pidusage] We couldn't find uptime from /proc/uptime, using os.uptime() value
2026-01-01T13:40:39: PM2 warn: [pidusage] We couldn't find uptime from /proc/uptime, using os.uptime() value
2026-01-01T13:41:09: PM2 warn: [pidusage] We couldn't find uptime from /proc/uptime, using os.uptime() value
2026-01-01T13:41:39: PM2 warn: [pidusage] We couldn't find uptime from /proc/uptime, using os.uptime() value
2026-01-01T13:42:09: PM2 warn: [pidusage] We couldn't find uptime from /proc/uptime, using os.uptime() value
