0 verbose cli /data/data/com.termux/files/usr/bin/node /data/data/com.termux/files/usr/bin/npm
1 info using npm@11.6.2
2 info using node@v25.2.1
3 silly config load:file:/data/data/com.termux/files/usr/lib/node_modules/npm/npmrc
4 silly config load:file:/data/data/com.termux/files/home/myapp/design-app/.npmrc
5 silly config load:file:/data/data/com.termux/files/home/.npmrc
6 silly config load:file:/data/data/com.termux/files/usr/etc/npmrc
7 verbose title npm install express sql.js cors body-parser
8 verbose argv "install" "express" "sql.js" "cors" "body-parser"
9 verbose logfile logs-max:10 dir:/data/data/com.termux/files/home/.npm/_logs/2026-01-01T15_12_47_763Z-
10 verbose logfile /data/data/com.termux/files/home/.npm/_logs/2026-01-01T15_12_47_763Z-debug-0.log
11 silly logfile start cleaning logs, removing 1 files
12 silly packumentCache heap:516423680 maxSize:129105920 maxEntrySize:64552960
13 silly logfile done cleaning log files
14 silly idealTree buildDeps
15 silly fetch manifest express@*
16 silly packumentCache full:https://registry.npmjs.org/express cache-miss
17 http fetch GET 200 https://registry.npmjs.org/express 1245ms (cache revalidated)
18 silly packumentCache full:https://registry.npmjs.org/express set size:801203 disposed:false
19 silly fetch manifest sql.js@*
20 silly packumentCache full:https://registry.npmjs.org/sql.js cache-miss
21 http fetch GET 200 https://registry.npmjs.org/sql.js 212ms (cache revalidated)
22 silly packumentCache full:https://registry.npmjs.org/sql.js set size:120189 disposed:false
23 silly fetch manifest cors@*
24 silly packumentCache full:https://registry.npmjs.org/cors cache-miss
25 http fetch GET 200 https://registry.npmjs.org/cors 284ms (cache miss)
26 silly packumentCache full:https://registry.npmjs.org/cors set size:undefined disposed:false
27 silly fetch manifest body-parser@*
28 silly packumentCache full:https://registry.npmjs.org/body-parser cache-miss
29 http fetch GET 200 https://registry.npmjs.org/body-parser 235ms (cache revalidated)
30 silly packumentCache full:https://registry.npmjs.org/body-parser set size:194402 disposed:false
31 silly placeDep ROOT body-parser@2.2.1 OK for: design-app@1.0.0 want: *
32 silly placeDep ROOT cors@2.8.5 OK for: design-app@1.0.0 want: *
33 silly placeDep ROOT express@5.2.1 OK for: design-app@1.0.0 want: *
34 silly placeDep ROOT sql.js@1.13.0 OK for: design-app@1.0.0 want: *
35 silly fetch manifest qs@^6.14.0
36 silly packumentCache full:https://registry.npmjs.org/qs cache-miss
37 silly fetch manifest bytes@^3.1.2
38 silly packumentCache full:https://registry.npmjs.org/bytes cache-miss
39 silly fetch manifest debug@^4.4.3
40 silly packumentCache full:https://registry.npmjs.org/debug cache-miss
41 silly fetch manifest type-is@^2.0.1
42 silly packumentCache full:https://registry.npmjs.org/type-is cache-miss
43 silly fetch manifest raw-body@^3.0.1
44 silly packumentCache full:https://registry.npmjs.org/raw-body cache-miss
45 silly fetch manifest iconv-lite@^0.7.0
46 silly packumentCache full:https://registry.npmjs.org/iconv-lite cache-miss
47 silly fetch manifest http-errors@^2.0.0
48 silly packumentCache full:https://registry.npmjs.org/http-errors cache-miss
49 http fetch GET 200 https://registry.npmjs.org/qs 244ms (cache revalidated)
50 silly packumentCache full:https://registry.npmjs.org/qs set size:268000 disposed:false
51 silly fetch manifest on-finished@^2.4.1
52 silly packumentCache full:https://registry.npmjs.org/on-finished cache-miss
53 http fetch GET 200 https://registry.npmjs.org/on-finished 263ms (cache revalidated)
54 silly packumentCache full:https://registry.npmjs.org/on-finished set size:23212 disposed:false
55 silly fetch manifest content-type@^1.0.5
56 silly packumentCache full:https://registry.npmjs.org/content-type cache-miss
57 http fetch GET 200 https://registry.npmjs.org/iconv-lite 702ms (cache revalidated)
58 silly packumentCache full:https://registry.npmjs.org/iconv-lite set size:121629 disposed:false
59 silly fetch manifest vary@^1
60 silly packumentCache full:https://registry.npmjs.org/vary cache-miss
61 http fetch GET 200 https://registry.npmjs.org/content-type 271ms (cache revalidated)
62 silly packumentCache full:https://registry.npmjs.org/content-type set size:17311 disposed:false
63 silly fetch manifest object-assign@^4
64 silly packumentCache full:https://registry.npmjs.org/object-assign cache-miss
65 http fetch GET 200 https://registry.npmjs.org/type-is 831ms (cache revalidated)
66 silly packumentCache full:https://registry.npmjs.org/type-is set size:86196 disposed:false
67 silly fetch manifest depd@^2.0.0
68 silly packumentCache full:https://registry.npmjs.org/depd cache-miss
69 http fetch GET 200 https://registry.npmjs.org/debug 861ms (cache revalidated)
70 silly packumentCache full:https://registry.npmjs.org/debug set size:195840 disposed:false
71 silly fetch manifest etag@^1.8.1
72 silly packumentCache full:https://registry.npmjs.org/etag cache-miss
73 http fetch GET 200 https://registry.npmjs.org/raw-body 894ms (cache revalidated)
74 silly packumentCache full:https://registry.npmjs.org/raw-body set size:117767 disposed:false
75 silly fetch manifest once@^1.4.0
76 silly packumentCache full:https://registry.npmjs.org/once cache-miss
77 http fetch GET 200 https://registry.npmjs.org/bytes 969ms (cache revalidated)
78 silly packumentCache full:https://registry.npmjs.org/bytes set size:37018 disposed:false
79 silly fetch manifest send@^1.1.0
80 silly packumentCache full:https://registry.npmjs.org/send cache-miss
81 http fetch GET 200 https://registry.npmjs.org/http-errors 1026ms (cache revalidated)
82 silly packumentCache full:https://registry.npmjs.org/http-errors set size:71987 disposed:false
83 silly fetch manifest vary@^1.1.2
84 silly packumentCache full:https://registry.npmjs.org/vary cache-miss
85 http fetch GET 200 https://registry.npmjs.org/object-assign 245ms (cache miss)
86 silly packumentCache full:https://registry.npmjs.org/object-assign set size:undefined disposed:false
87 silly fetch manifest debug@^4.4.0
88 silly packumentCache full:https://registry.npmjs.org/debug cache-hit
89 silly fetch manifest fresh@^2.0.0
90 silly packumentCache full:https://registry.npmjs.org/fresh cache-miss
91 http fetch GET 200 https://registry.npmjs.org/vary 361ms (cache revalidated)
92 silly packumentCache full:https://registry.npmjs.org/vary set size:16018 disposed:false
93 silly fetch manifest cookie@^0.7.1
94 silly packumentCache full:https://registry.npmjs.org/cookie cache-miss
95 http fetch GET 200 https://registry.npmjs.org/depd 296ms (cache revalidated)
96 silly packumentCache full:https://registry.npmjs.org/depd set size:40182 disposed:false
97 silly fetch manifest router@^2.2.0
98 silly packumentCache full:https://registry.npmjs.org/router cache-miss
99 http fetch GET 200 https://registry.npmjs.org/etag 326ms (cache revalidated)
100 silly packumentCache full:https://registry.npmjs.org/etag set size:30032 disposed:false
101 silly fetch manifest accepts@^2.0.0
102 silly packumentCache full:https://registry.npmjs.org/accepts cache-miss
103 http fetch GET 200 https://registry.npmjs.org/once 308ms (cache revalidated)
104 silly packumentCache full:https://registry.npmjs.org/once set size:11768 disposed:false
105 silly fetch manifest parseurl@^1.3.3
106 silly packumentCache full:https://registry.npmjs.org/parseurl cache-miss
107 http fetch GET 200 https://registry.npmjs.org/send 279ms (cache revalidated)
108 silly packumentCache full:https://registry.npmjs.org/send set size:152810 disposed:false
109 silly fetch manifest statuses@^2.0.1
110 silly packumentCache full:https://registry.npmjs.org/statuses cache-miss
111 http fetch GET 200 https://registry.npmjs.org/vary 295ms (cache revalidated)
112 silly packumentCache full:https://registry.npmjs.org/vary set size:16018 disposed:false
113 silly packumentCache full:https://registry.npmjs.org/vary dispose
114 silly fetch manifest encodeurl@^2.0.0
115 silly packumentCache full:https://registry.npmjs.org/encodeurl cache-miss
116 http fetch GET 200 https://registry.npmjs.org/fresh 274ms (cache revalidated)
117 silly packumentCache full:https://registry.npmjs.org/fresh set size:25427 disposed:false
118 silly fetch manifest mime-types@^3.0.0
119 silly packumentCache full:https://registry.npmjs.org/mime-types cache-miss
120 http fetch GET 200 https://registry.npmjs.org/cookie 261ms (cache revalidated)
121 silly packumentCache full:https://registry.npmjs.org/cookie set size:72891 disposed:false
122 silly fetch manifest proxy-addr@^2.0.7
123 silly packumentCache full:https://registry.npmjs.org/proxy-addr cache-miss
124 http fetch GET 200 https://registry.npmjs.org/router 357ms (cache revalidated)
125 silly packumentCache full:https://registry.npmjs.org/router set size:116499 disposed:false
126 silly fetch manifest escape-html@^1.0.3
127 silly packumentCache full:https://registry.npmjs.org/escape-html cache-miss
128 http fetch GET 200 https://registry.npmjs.org/parseurl 332ms (cache revalidated)
129 silly packumentCache full:https://registry.npmjs.org/parseurl set size:24148 disposed:false
130 silly fetch manifest finalhandler@^2.1.0
131 silly packumentCache full:https://registry.npmjs.org/finalhandler cache-miss
132 http fetch GET 200 https://registry.npmjs.org/statuses 348ms (cache revalidated)
133 silly packumentCache full:https://registry.npmjs.org/statuses set size:37117 disposed:false
134 silly fetch manifest range-parser@^1.2.1
135 silly packumentCache full:https://registry.npmjs.org/range-parser cache-miss
136 http fetch GET 200 https://registry.npmjs.org/proxy-addr 257ms (cache revalidated)
137 silly packumentCache full:https://registry.npmjs.org/proxy-addr set size:61619 disposed:false
138 silly fetch manifest serve-static@^2.2.0
139 silly packumentCache full:https://registry.npmjs.org/serve-static cache-miss
140 http fetch GET 200 https://registry.npmjs.org/mime-types 295ms (cache revalidated)
141 silly packumentCache full:https://registry.npmjs.org/mime-types set size:139110 disposed:false
142 silly fetch manifest cookie-signature@^1.2.1
143 silly packumentCache full:https://registry.npmjs.org/cookie-signature cache-miss
144 http fetch GET 200 https://registry.npmjs.org/escape-html 216ms (cache revalidated)
145 silly packumentCache full:https://registry.npmjs.org/escape-html set size:7345 disposed:false
146 silly fetch manifest merge-descriptors@^2.0.0
147 silly packumentCache full:https://registry.npmjs.org/merge-descriptors cache-miss
148 http fetch GET 200 https://registry.npmjs.org/accepts 533ms (cache revalidated)
149 silly packumentCache full:https://registry.npmjs.org/accepts set size:77054 disposed:false
150 silly fetch manifest content-disposition@^1.0.0
151 silly packumentCache full:https://registry.npmjs.org/content-disposition cache-miss
152 http fetch GET 200 https://registry.npmjs.org/encodeurl 448ms (cache revalidated)
153 silly packumentCache full:https://registry.npmjs.org/encodeurl set size:12296 disposed:false
154 http fetch GET 200 https://registry.npmjs.org/finalhandler 285ms (cache revalidated)
155 silly packumentCache full:https://registry.npmjs.org/finalhandler set size:79291 disposed:false
156 http fetch GET 200 https://registry.npmjs.org/range-parser 257ms (cache revalidated)
157 silly packumentCache full:https://registry.npmjs.org/range-parser set size:22228 disposed:false
158 http fetch GET 200 https://registry.npmjs.org/serve-static 246ms (cache revalidated)
159 silly packumentCache full:https://registry.npmjs.org/serve-static set size:150391 disposed:false
160 http fetch GET 200 https://registry.npmjs.org/cookie-signature 251ms (cache revalidated)
161 silly packumentCache full:https://registry.npmjs.org/cookie-signature set size:21777 disposed:false
162 http fetch GET 200 https://registry.npmjs.org/content-disposition 190ms (cache revalidated)
163 silly packumentCache full:https://registry.npmjs.org/content-disposition set size:34469 disposed:false
164 http fetch GET 200 https://registry.npmjs.org/merge-descriptors 398ms (cache revalidated)
165 silly packumentCache full:https://registry.npmjs.org/merge-descriptors set size:16527 disposed:false
166 silly placeDep ROOT bytes@3.1.2 OK for: body-parser@2.2.1 want: ^3.1.2
167 silly placeDep ROOT content-type@1.0.5 OK for: body-parser@2.2.1 want: ^1.0.5
168 silly placeDep ROOT debug@4.4.3 OK for: body-parser@2.2.1 want: ^4.4.3
169 silly placeDep ROOT http-errors@2.0.1 OK for: body-parser@2.2.1 want: ^2.0.0
170 silly placeDep ROOT iconv-lite@0.7.1 OK for: body-parser@2.2.1 want: ^0.7.0
171 silly placeDep ROOT on-finished@2.4.1 OK for: body-parser@2.2.1 want: ^2.4.1
172 silly placeDep ROOT qs@6.14.1 OK for: body-parser@2.2.1 want: ^6.14.0
173 silly placeDep ROOT raw-body@3.0.2 OK for: body-parser@2.2.1 want: ^3.0.1
174 silly placeDep ROOT type-is@2.0.1 OK for: body-parser@2.2.1 want: ^2.0.1
175 silly fetch manifest ms@^2.1.3
176 silly packumentCache full:https://registry.npmjs.org/ms cache-miss
177 silly fetch manifest depd@~2.0.0
178 silly packumentCache full:https://registry.npmjs.org/depd cache-hit
179 silly fetch manifest inherits@~2.0.4
180 silly packumentCache full:https://registry.npmjs.org/inherits cache-miss
181 silly fetch manifest setprototypeof@~1.2.0
182 silly packumentCache full:https://registry.npmjs.org/setprototypeof cache-miss
183 silly fetch manifest statuses@~2.0.2
184 silly packumentCache full:https://registry.npmjs.org/statuses cache-hit
185 silly fetch manifest toidentifier@~1.0.1
186 silly packumentCache full:https://registry.npmjs.org/toidentifier cache-miss
187 silly fetch manifest safer-buffer@>= 2.1.2 < 3.0.0
188 silly packumentCache full:https://registry.npmjs.org/safer-buffer cache-miss
189 silly fetch manifest ee-first@1.1.1
190 silly packumentCache full:https://registry.npmjs.org/ee-first cache-miss
191 silly fetch manifest side-channel@^1.1.0
192 silly packumentCache full:https://registry.npmjs.org/side-channel cache-miss
193 http fetch GET 200 https://registry.npmjs.org/toidentifier 254ms (cache revalidated)
194 silly packumentCache full:https://registry.npmjs.org/toidentifier set size:12006 disposed:false
195 silly fetch manifest unpipe@~1.0.0
196 silly packumentCache full:https://registry.npmjs.org/unpipe cache-miss
197 http fetch GET 200 https://registry.npmjs.org/ms 284ms (cache revalidated)
198 silly packumentCache full:https://registry.npmjs.org/ms set size:92208 disposed:false
199 silly fetch manifest media-typer@^1.1.0
200 silly packumentCache full:https://registry.npmjs.org/media-typer cache-miss
201 http fetch GET 200 https://registry.npmjs.org/inherits 321ms (cache revalidated)
202 silly packumentCache full:https://registry.npmjs.org/inherits set size:12925 disposed:false
203 http fetch GET 200 https://registry.npmjs.org/setprototypeof 329ms (cache revalidated)
204 silly packumentCache full:https://registry.npmjs.org/setprototypeof set size:14532 disposed:false
205 http fetch GET 200 https://registry.npmjs.org/safer-buffer 325ms (cache revalidated)
206 silly packumentCache full:https://registry.npmjs.org/safer-buffer set size:18521 disposed:false
207 http fetch GET 200 https://registry.npmjs.org/ee-first 321ms (cache revalidated)
208 silly packumentCache full:https://registry.npmjs.org/ee-first set size:15327 disposed:false
209 http fetch GET 200 https://registry.npmjs.org/side-channel 327ms (cache revalidated)
210 silly packumentCache full:https://registry.npmjs.org/side-channel set size:24660 disposed:false
211 http fetch GET 200 https://registry.npmjs.org/media-typer 253ms (cache revalidated)
212 silly packumentCache full:https://registry.npmjs.org/media-typer set size:20873 disposed:false
213 http fetch GET 200 https://registry.npmjs.org/unpipe 290ms (cache revalidated)
214 silly packumentCache full:https://registry.npmjs.org/unpipe set size:3537 disposed:false
215 silly placeDep ROOT object-assign@4.1.1 OK for: cors@2.8.5 want: ^4
216 silly placeDep ROOT vary@1.1.2 OK for: cors@2.8.5 want: ^1
217 silly placeDep ROOT ms@2.1.3 OK for: debug@4.4.3 want: ^2.1.3
218 silly placeDep ROOT accepts@2.0.0 OK for: express@5.2.1 want: ^2.0.0
219 silly placeDep ROOT content-disposition@1.0.1 OK for: express@5.2.1 want: ^1.0.0
220 silly placeDep ROOT cookie@0.7.2 OK for: express@5.2.1 want: ^0.7.1
221 silly placeDep ROOT cookie-signature@1.2.2 OK for: express@5.2.1 want: ^1.2.1
222 silly placeDep ROOT depd@2.0.0 OK for: express@5.2.1 want: ^2.0.0
223 silly placeDep ROOT encodeurl@2.0.0 OK for: express@5.2.1 want: ^2.0.0
224 silly placeDep ROOT escape-html@1.0.3 OK for: express@5.2.1 want: ^1.0.3
225 silly placeDep ROOT etag@1.8.1 OK for: express@5.2.1 want: ^1.8.1
226 silly placeDep ROOT finalhandler@2.1.1 OK for: express@5.2.1 want: ^2.1.0
227 silly placeDep ROOT fresh@2.0.0 OK for: express@5.2.1 want: ^2.0.0
228 silly placeDep ROOT merge-descriptors@2.0.0 OK for: express@5.2.1 want: ^2.0.0
229 silly placeDep ROOT mime-types@3.0.2 OK for: express@5.2.1 want: ^3.0.0
230 silly placeDep ROOT once@1.4.0 OK for: express@5.2.1 want: ^1.4.0
231 silly placeDep ROOT parseurl@1.3.3 OK for: express@5.2.1 want: ^1.3.3
232 silly placeDep ROOT proxy-addr@2.0.7 OK for: express@5.2.1 want: ^2.0.7
233 silly placeDep ROOT range-parser@1.2.1 OK for: express@5.2.1 want: ^1.2.1
234 silly placeDep ROOT router@2.2.0 OK for: express@5.2.1 want: ^2.2.0
235 silly placeDep ROOT send@1.2.1 OK for: express@5.2.1 want: ^1.1.0
236 silly placeDep ROOT serve-static@2.2.1 OK for: express@5.2.1 want: ^2.2.0
237 silly placeDep ROOT statuses@2.0.2 OK for: express@5.2.1 want: ^2.0.1
238 silly fetch manifest negotiator@^1.0.0
239 silly packumentCache full:https://registry.npmjs.org/negotiator cache-miss
240 silly fetch manifest mime-db@^1.54.0
241 silly packumentCache full:https://registry.npmjs.org/mime-db cache-miss
242 silly fetch manifest wrappy@1
243 silly packumentCache full:https://registry.npmjs.org/wrappy cache-miss
244 silly fetch manifest forwarded@0.2.0
245 silly packumentCache full:https://registry.npmjs.org/forwarded cache-miss
246 silly fetch manifest ipaddr.js@1.9.1
247 silly packumentCache full:https://registry.npmjs.org/ipaddr.js cache-miss
248 silly fetch manifest is-promise@^4.0.0
249 silly packumentCache full:https://registry.npmjs.org/is-promise cache-miss
250 silly fetch manifest path-to-regexp@^8.0.0
251 silly packumentCache full:https://registry.npmjs.org/path-to-regexp cache-miss
252 http fetch GET 200 https://registry.npmjs.org/negotiator 268ms (cache revalidated)
253 silly packumentCache full:https://registry.npmjs.org/negotiator set size:48046 disposed:false
254 silly fetch manifest statuses@^2.0.2
255 silly packumentCache full:https://registry.npmjs.org/statuses cache-hit
256 http fetch GET 200 https://registry.npmjs.org/wrappy 278ms (cache revalidated)
257 silly packumentCache full:https://registry.npmjs.org/wrappy set size:7682 disposed:false
258 http fetch GET 200 https://registry.npmjs.org/ipaddr.js 280ms (cache revalidated)
259 silly packumentCache full:https://registry.npmjs.org/ipaddr.js set size:67857 disposed:false
260 http fetch GET 200 https://registry.npmjs.org/forwarded 300ms (cache revalidated)
261 silly packumentCache full:https://registry.npmjs.org/forwarded set size:11229 disposed:false
262 http fetch GET 200 https://registry.npmjs.org/is-promise 296ms (cache revalidated)
263 silly packumentCache full:https://registry.npmjs.org/is-promise set size:18599 disposed:false
264 http fetch GET 200 https://registry.npmjs.org/mime-db 320ms (cache revalidated)
265 silly packumentCache full:https://registry.npmjs.org/mime-db set size:164953 disposed:false
266 http fetch GET 200 https://registry.npmjs.org/path-to-regexp 328ms (cache revalidated)
267 silly packumentCache full:https://registry.npmjs.org/path-to-regexp set size:207142 disposed:false
268 silly placeDep ROOT negotiator@1.0.0 OK for: accepts@2.0.0 want: ^1.0.0
269 silly placeDep ROOT inherits@2.0.4 OK for: http-errors@2.0.1 want: ~2.0.4
270 silly placeDep ROOT setprototypeof@1.2.0 OK for: http-errors@2.0.1 want: ~1.2.0
271 silly placeDep ROOT toidentifier@1.0.1 OK for: http-errors@2.0.1 want: ~1.0.1
272 silly placeDep ROOT safer-buffer@2.1.2 OK for: iconv-lite@0.7.1 want: >= 2.1.2 < 3.0.0
273 silly placeDep ROOT mime-db@1.54.0 OK for: mime-types@3.0.2 want: ^1.54.0
274 silly placeDep ROOT ee-first@1.1.1 OK for: on-finished@2.4.1 want: 1.1.1
275 silly placeDep ROOT wrappy@1.0.2 OK for: once@1.4.0 want: 1
276 silly placeDep ROOT forwarded@0.2.0 OK for: proxy-addr@2.0.7 want: 0.2.0
277 silly placeDep ROOT ipaddr.js@1.9.1 OK for: proxy-addr@2.0.7 want: 1.9.1
278 silly placeDep ROOT side-channel@1.1.0 OK for: qs@6.14.1 want: ^1.1.0
279 silly fetch manifest es-errors@^1.3.0
280 silly packumentCache full:https://registry.npmjs.org/es-errors cache-miss
281 silly fetch manifest object-inspect@^1.13.3
282 silly packumentCache full:https://registry.npmjs.org/object-inspect cache-miss
283 silly fetch manifest side-channel-list@^1.0.0
284 silly packumentCache full:https://registry.npmjs.org/side-channel-list cache-miss
285 silly fetch manifest side-channel-map@^1.0.1
286 silly packumentCache full:https://registry.npmjs.org/side-channel-map cache-miss
287 silly fetch manifest side-channel-weakmap@^1.0.2
288 silly packumentCache full:https://registry.npmjs.org/side-channel-weakmap cache-miss
289 http fetch GET 200 https://registry.npmjs.org/side-channel-list 219ms (cache revalidated)
290 silly packumentCache full:https://registry.npmjs.org/side-channel-list set size:6005 disposed:false
291 http fetch GET 200 https://registry.npmjs.org/object-inspect 260ms (cache revalidated)
292 silly packumentCache full:https://registry.npmjs.org/object-inspect set size:101912 disposed:false
293 http fetch GET 200 https://registry.npmjs.org/es-errors 287ms (cache revalidated)
294 silly packumentCache full:https://registry.npmjs.org/es-errors set size:16918 disposed:false
295 http fetch GET 200 https://registry.npmjs.org/side-channel-map 286ms (cache revalidated)
296 silly packumentCache full:https://registry.npmjs.org/side-channel-map set size:9126 disposed:false
297 http fetch GET 200 https://registry.npmjs.org/side-channel-weakmap 294ms (cache revalidated)
298 silly packumentCache full:https://registry.npmjs.org/side-channel-weakmap set size:12620 disposed:false
299 silly placeDep ROOT unpipe@1.0.0 OK for: raw-body@3.0.2 want: ~1.0.0
300 silly placeDep ROOT is-promise@4.0.0 OK for: router@2.2.0 want: ^4.0.0
301 silly placeDep ROOT path-to-regexp@8.3.0 OK for: router@2.2.0 want: ^8.0.0
302 silly placeDep ROOT es-errors@1.3.0 OK for: side-channel@1.1.0 want: ^1.3.0
303 silly placeDep ROOT object-inspect@1.13.4 OK for: side-channel@1.1.0 want: ^1.13.3
304 silly placeDep ROOT side-channel-list@1.0.0 OK for: side-channel@1.1.0 want: ^1.0.0
305 silly placeDep ROOT side-channel-map@1.0.1 OK for: side-channel@1.1.0 want: ^1.0.1
306 silly placeDep ROOT side-channel-weakmap@1.0.2 OK for: side-channel@1.1.0 want: ^1.0.2
307 silly fetch manifest call-bound@^1.0.2
308 silly packumentCache full:https://registry.npmjs.org/call-bound cache-miss
309 silly fetch manifest get-intrinsic@^1.2.5
310 silly packumentCache full:https://registry.npmjs.org/get-intrinsic cache-miss
311 silly fetch manifest call-bound@^1.0.2
312 silly packumentCache full:https://registry.npmjs.org/call-bound cache-miss
313 silly fetch manifest get-intrinsic@^1.2.5
314 silly packumentCache full:https://registry.npmjs.org/get-intrinsic cache-miss
315 http fetch GET 200 https://registry.npmjs.org/call-bound 205ms (cache revalidated)
316 silly packumentCache full:https://registry.npmjs.org/call-bound set size:15317 disposed:false
317 http fetch GET 200 https://registry.npmjs.org/call-bound 227ms (cache revalidated)
318 silly packumentCache full:https://registry.npmjs.org/call-bound set size:15317 disposed:false
319 silly packumentCache full:https://registry.npmjs.org/call-bound dispose
320 http fetch GET 200 https://registry.npmjs.org/get-intrinsic 253ms (cache revalidated)
321 silly packumentCache full:https://registry.npmjs.org/get-intrinsic set size:60985 disposed:false
322 http fetch GET 200 https://registry.npmjs.org/get-intrinsic 264ms (cache revalidated)
323 silly packumentCache full:https://registry.npmjs.org/get-intrinsic set size:60985 disposed:false
324 silly packumentCache full:https://registry.npmjs.org/get-intrinsic dispose
325 silly placeDep ROOT call-bound@1.0.4 OK for: side-channel-map@1.0.1 want: ^1.0.2
326 silly placeDep ROOT get-intrinsic@1.3.0 OK for: side-channel-map@1.0.1 want: ^1.2.5
327 silly fetch manifest call-bind-apply-helpers@^1.0.2
328 silly packumentCache full:https://registry.npmjs.org/call-bind-apply-helpers cache-miss
329 silly fetch manifest get-intrinsic@^1.3.0
330 silly packumentCache full:https://registry.npmjs.org/get-intrinsic cache-hit
331 silly fetch manifest gopd@^1.2.0
332 silly packumentCache full:https://registry.npmjs.org/gopd cache-miss
333 silly fetch manifest hasown@^2.0.2
334 silly packumentCache full:https://registry.npmjs.org/hasown cache-miss
335 silly fetch manifest get-proto@^1.0.1
336 silly packumentCache full:https://registry.npmjs.org/get-proto cache-miss
337 silly fetch manifest has-symbols@^1.1.0
338 silly packumentCache full:https://registry.npmjs.org/has-symbols cache-miss
339 silly fetch manifest function-bind@^1.1.2
340 silly packumentCache full:https://registry.npmjs.org/function-bind cache-miss
341 silly fetch manifest es-object-atoms@^1.1.1
342 silly packumentCache full:https://registry.npmjs.org/es-object-atoms cache-miss
343 http fetch GET 200 https://registry.npmjs.org/gopd 268ms (cache revalidated)
344 silly packumentCache full:https://registry.npmjs.org/gopd set size:11458 disposed:false
345 silly fetch manifest math-intrinsics@^1.1.0
346 silly packumentCache full:https://registry.npmjs.org/math-intrinsics cache-miss
347 http fetch GET 200 https://registry.npmjs.org/call-bind-apply-helpers 301ms (cache revalidated)
348 silly packumentCache full:https://registry.npmjs.org/call-bind-apply-helpers set size:12744 disposed:false
349 silly fetch manifest es-define-property@^1.0.1
350 silly packumentCache full:https://registry.npmjs.org/es-define-property cache-miss
351 http fetch GET 200 https://registry.npmjs.org/get-proto 303ms (cache revalidated)
352 silly packumentCache full:https://registry.npmjs.org/get-proto set size:8300 disposed:false
353 http fetch GET 200 https://registry.npmjs.org/es-object-atoms 300ms (cache revalidated)
354 silly packumentCache full:https://registry.npmjs.org/es-object-atoms set size:15304 disposed:false
355 http fetch GET 200 https://registry.npmjs.org/hasown 333ms (cache revalidated)
356 silly packumentCache full:https://registry.npmjs.org/hasown set size:12476 disposed:false
357 http fetch GET 200 https://registry.npmjs.org/has-symbols 334ms (cache revalidated)
358 silly packumentCache full:https://registry.npmjs.org/has-symbols set size:21550 disposed:false
359 http fetch GET 200 https://registry.npmjs.org/function-bind 338ms (cache revalidated)
360 silly packumentCache full:https://registry.npmjs.org/function-bind set size:15733 disposed:false
361 http fetch GET 200 https://registry.npmjs.org/math-intrinsics 273ms (cache revalidated)
362 silly packumentCache full:https://registry.npmjs.org/math-intrinsics set size:9265 disposed:false
363 http fetch GET 200 https://registry.npmjs.org/es-define-property 261ms (cache revalidated)
364 silly packumentCache full:https://registry.npmjs.org/es-define-property set size:8542 disposed:false
365 silly placeDep ROOT call-bind-apply-helpers@1.0.2 OK for: call-bound@1.0.4 want: ^1.0.2
366 silly placeDep ROOT function-bind@1.1.2 OK for: call-bind-apply-helpers@1.0.2 want: ^1.1.2
367 silly placeDep ROOT es-define-property@1.0.1 OK for: get-intrinsic@1.3.0 want: ^1.0.1
368 silly placeDep ROOT es-object-atoms@1.1.1 OK for: get-intrinsic@1.3.0 want: ^1.1.1
369 silly placeDep ROOT get-proto@1.0.1 OK for: get-intrinsic@1.3.0 want: ^1.0.1
370 silly placeDep ROOT gopd@1.2.0 OK for: get-intrinsic@1.3.0 want: ^1.2.0
371 silly placeDep ROOT has-symbols@1.1.0 OK for: get-intrinsic@1.3.0 want: ^1.1.0
372 silly placeDep ROOT hasown@2.0.2 OK for: get-intrinsic@1.3.0 want: ^2.0.2
373 silly placeDep ROOT math-intrinsics@1.1.0 OK for: get-intrinsic@1.3.0 want: ^1.1.0
374 silly fetch manifest dunder-proto@^1.0.1
375 silly packumentCache full:https://registry.npmjs.org/dunder-proto cache-miss
376 http fetch GET 200 https://registry.npmjs.org/dunder-proto 202ms (cache revalidated)
377 silly packumentCache full:https://registry.npmjs.org/dunder-proto set size:8256 disposed:false
378 silly placeDep ROOT dunder-proto@1.0.1 OK for: get-proto@1.0.1 want: ^1.0.1
379 silly placeDep ROOT media-typer@1.1.0 OK for: type-is@2.0.1 want: ^1.1.0
380 silly reify moves {}
381 silly audit bulk request {
381 silly audit   'body-parser': [ '2.2.1' ],
381 silly audit   cors: [ '2.8.5' ],
381 silly audit   express: [ '5.2.1' ],
381 silly audit   'sql.js': [ '1.13.0' ],
381 silly audit   bytes: [ '3.1.2' ],
381 silly audit   'content-type': [ '1.0.5' ],
381 silly audit   debug: [ '4.4.3' ],
381 silly audit   'http-errors': [ '2.0.1' ],
381 silly audit   'iconv-lite': [ '0.7.1' ],
381 silly audit   'on-finished': [ '2.4.1' ],
381 silly audit   qs: [ '6.14.1' ],
381 silly audit   'raw-body': [ '3.0.2' ],
381 silly audit   'type-is': [ '2.0.1' ],
381 silly audit   'object-assign': [ '4.1.1' ],
381 silly audit   vary: [ '1.1.2' ],
381 silly audit   ms: [ '2.1.3' ],
381 silly audit   accepts: [ '2.0.0' ],
381 silly audit   'content-disposition': [ '1.0.1' ],
381 silly audit   cookie: [ '0.7.2' ],
381 silly audit   'cookie-signature': [ '1.2.2' ],
381 silly audit   depd: [ '2.0.0' ],
381 silly audit   encodeurl: [ '2.0.0' ],
381 silly audit   'escape-html': [ '1.0.3' ],
381 silly audit   etag: [ '1.8.1' ],
381 silly audit   finalhandler: [ '2.1.1' ],
381 silly audit   fresh: [ '2.0.0' ],
381 silly audit   'merge-descriptors': [ '2.0.0' ],
381 silly audit   'mime-types': [ '3.0.2' ],
381 silly audit   once: [ '1.4.0' ],
381 silly audit   parseurl: [ '1.3.3' ],
381 silly audit   'proxy-addr': [ '2.0.7' ],
381 silly audit   'range-parser': [ '1.2.1' ],
381 silly audit   router: [ '2.2.0' ],
381 silly audit   send: [ '1.2.1' ],
381 silly audit   'serve-static': [ '2.2.1' ],
381 silly audit   statuses: [ '2.0.2' ],
381 silly audit   negotiator: [ '1.0.0' ],
381 silly audit   inherits: [ '2.0.4' ],
381 silly audit   setprototypeof: [ '1.2.0' ],
381 silly audit   toidentifier: [ '1.0.1' ],
381 silly audit   'safer-buffer': [ '2.1.2' ],
381 silly audit   'mime-db': [ '1.54.0' ],
381 silly audit   'ee-first': [ '1.1.1' ],
381 silly audit   wrappy: [ '1.0.2' ],
381 silly audit   forwarded: [ '0.2.0' ],
381 silly audit   'ipaddr.js': [ '1.9.1' ],
381 silly audit   'side-channel': [ '1.1.0' ],
381 silly audit   unpipe: [ '1.0.0' ],
381 silly audit   'is-promise': [ '4.0.0' ],
381 silly audit   'path-to-regexp': [ '8.3.0' ],
381 silly audit   'es-errors': [ '1.3.0' ],
381 silly audit   'object-inspect': [ '1.13.4' ],
381 silly audit   'side-channel-list': [ '1.0.0' ],
381 silly audit   'side-channel-map': [ '1.0.1' ],
381 silly audit   'side-channel-weakmap': [ '1.0.2' ],
381 silly audit   'call-bound': [ '1.0.4' ],
381 silly audit   'get-intrinsic': [ '1.3.0' ],
381 silly audit   'call-bind-apply-helpers': [ '1.0.2' ],
381 silly audit   'function-bind': [ '1.1.2' ],
381 silly audit   'es-define-property': [ '1.0.1' ],
381 silly audit   'es-object-atoms': [ '1.1.1' ],
381 silly audit   'get-proto': [ '1.0.1' ],
381 silly audit   gopd: [ '1.2.0' ],
381 silly audit   'has-symbols': [ '1.1.0' ],
381 silly audit   hasown: [ '2.0.2' ],
381 silly audit   'math-intrinsics': [ '1.1.0' ],
381 silly audit   'dunder-proto': [ '1.0.1' ],
381 silly audit   'media-typer': [ '1.1.0' ]
381 silly audit }
382 http cache media-typer@https://registry.npmjs.org/media-typer/-/media-typer-1.1.0.tgz 1ms (cache hit)
383 http cache dunder-proto@https://registry.npmjs.org/dunder-proto/-/dunder-proto-1.0.1.tgz 0ms (cache hit)
384 http cache math-intrinsics@https://registry.npmjs.org/math-intrinsics/-/math-intrinsics-1.1.0.tgz 0ms (cache hit)
385 http cache hasown@https://registry.npmjs.org/hasown/-/hasown-2.0.2.tgz 0ms (cache hit)
386 http cache has-symbols@https://registry.npmjs.org/has-symbols/-/has-symbols-1.1.0.tgz 0ms (cache hit)
387 http cache get-proto@https://registry.npmjs.org/get-proto/-/get-proto-1.0.1.tgz 0ms (cache hit)
388 http cache gopd@https://registry.npmjs.org/gopd/-/gopd-1.2.0.tgz 0ms (cache hit)
389 http cache es-object-atoms@https://registry.npmjs.org/es-object-atoms/-/es-object-atoms-1.1.1.tgz 0ms (cache hit)
390 http cache es-define-property@https://registry.npmjs.org/es-define-property/-/es-define-property-1.0.1.tgz 0ms (cache hit)
391 http cache function-bind@https://registry.npmjs.org/function-bind/-/function-bind-1.1.2.tgz 0ms (cache hit)
392 http cache call-bind-apply-helpers@https://registry.npmjs.org/call-bind-apply-helpers/-/call-bind-apply-helpers-1.0.2.tgz 0ms (cache hit)
393 http cache get-intrinsic@https://registry.npmjs.org/get-intrinsic/-/get-intrinsic-1.3.0.tgz 0ms (cache hit)
394 http cache call-bound@https://registry.npmjs.org/call-bound/-/call-bound-1.0.4.tgz 0ms (cache hit)
395 http cache side-channel-map@https://registry.npmjs.org/side-channel-map/-/side-channel-map-1.0.1.tgz 0ms (cache hit)
396 http cache side-channel-weakmap@https://registry.npmjs.org/side-channel-weakmap/-/side-channel-weakmap-1.0.2.tgz 1ms (cache hit)
397 http cache object-inspect@https://registry.npmjs.org/object-inspect/-/object-inspect-1.13.4.tgz 1ms (cache hit)
398 http cache es-errors@https://registry.npmjs.org/es-errors/-/es-errors-1.3.0.tgz 0ms (cache hit)
399 http cache path-to-regexp@https://registry.npmjs.org/path-to-regexp/-/path-to-regexp-8.3.0.tgz 0ms (cache hit)
400 http cache is-promise@https://registry.npmjs.org/is-promise/-/is-promise-4.0.0.tgz 0ms (cache hit)
401 http cache unpipe@https://registry.npmjs.org/unpipe/-/unpipe-1.0.0.tgz 0ms (cache hit)
402 http cache side-channel@https://registry.npmjs.org/side-channel/-/side-channel-1.1.0.tgz 0ms (cache hit)
403 http cache side-channel-list@https://registry.npmjs.org/side-channel-list/-/side-channel-list-1.0.0.tgz 0ms (cache hit)
404 http cache ipaddr.js@https://registry.npmjs.org/ipaddr.js/-/ipaddr.js-1.9.1.tgz 0ms (cache hit)
405 http cache forwarded@https://registry.npmjs.org/forwarded/-/forwarded-0.2.0.tgz 1ms (cache hit)
406 http cache wrappy@https://registry.npmjs.org/wrappy/-/wrappy-1.0.2.tgz 0ms (cache hit)
407 http cache ee-first@https://registry.npmjs.org/ee-first/-/ee-first-1.1.1.tgz 0ms (cache hit)
408 http cache safer-buffer@https://registry.npmjs.org/safer-buffer/-/safer-buffer-2.1.2.tgz 1ms (cache hit)
409 http cache toidentifier@https://registry.npmjs.org/toidentifier/-/toidentifier-1.0.1.tgz 0ms (cache hit)
410 http cache setprototypeof@https://registry.npmjs.org/setprototypeof/-/setprototypeof-1.2.0.tgz 0ms (cache hit)
411 http cache inherits@https://registry.npmjs.org/inherits/-/inherits-2.0.4.tgz 0ms (cache hit)
412 http cache statuses@https://registry.npmjs.org/statuses/-/statuses-2.0.2.tgz 0ms (cache hit)
413 http cache negotiator@https://registry.npmjs.org/negotiator/-/negotiator-1.0.0.tgz 0ms (cache hit)
414 http cache mime-db@https://registry.npmjs.org/mime-db/-/mime-db-1.54.0.tgz 0ms (cache hit)
415 http cache send@https://registry.npmjs.org/send/-/send-1.2.1.tgz 0ms (cache hit)
416 http cache router@https://registry.npmjs.org/router/-/router-2.2.0.tgz 0ms (cache hit)
417 http cache serve-static@https://registry.npmjs.org/serve-static/-/serve-static-2.2.1.tgz 0ms (cache hit)
418 http cache range-parser@https://registry.npmjs.org/range-parser/-/range-parser-1.2.1.tgz 1ms (cache hit)
419 http cache proxy-addr@https://registry.npmjs.org/proxy-addr/-/proxy-addr-2.0.7.tgz 0ms (cache hit)
420 http cache parseurl@https://registry.npmjs.org/parseurl/-/parseurl-1.3.3.tgz 0ms (cache hit)
421 http cache once@https://registry.npmjs.org/once/-/once-1.4.0.tgz 0ms (cache hit)
422 http cache mime-types@https://registry.npmjs.org/mime-types/-/mime-types-3.0.2.tgz 0ms (cache hit)
423 http cache fresh@https://registry.npmjs.org/fresh/-/fresh-2.0.0.tgz 0ms (cache hit)
424 http cache merge-descriptors@https://registry.npmjs.org/merge-descriptors/-/merge-descriptors-2.0.0.tgz 0ms (cache hit)
425 http cache etag@https://registry.npmjs.org/etag/-/etag-1.8.1.tgz 0ms (cache hit)
426 http cache finalhandler@https://registry.npmjs.org/finalhandler/-/finalhandler-2.1.1.tgz 0ms (cache hit)
427 http cache encodeurl@https://registry.npmjs.org/encodeurl/-/encodeurl-2.0.0.tgz 0ms (cache hit)
428 http cache escape-html@https://registry.npmjs.org/escape-html/-/escape-html-1.0.3.tgz 0ms (cache hit)
429 http cache depd@https://registry.npmjs.org/depd/-/depd-2.0.0.tgz 0ms (cache hit)
430 http cache cookie@https://registry.npmjs.org/cookie/-/cookie-0.7.2.tgz 0ms (cache hit)
431 http cache cookie-signature@https://registry.npmjs.org/cookie-signature/-/cookie-signature-1.2.2.tgz 0ms (cache hit)
432 http cache ms@https://registry.npmjs.org/ms/-/ms-2.1.3.tgz 0ms (cache hit)
433 http cache vary@https://registry.npmjs.org/vary/-/vary-1.1.2.tgz 0ms (cache hit)
434 http cache accepts@https://registry.npmjs.org/accepts/-/accepts-2.0.0.tgz 0ms (cache hit)
435 http cache type-is@https://registry.npmjs.org/type-is/-/type-is-2.0.1.tgz 0ms (cache hit)
436 http cache content-disposition@https://registry.npmjs.org/content-disposition/-/content-disposition-1.0.1.tgz 0ms (cache hit)
437 http cache raw-body@https://registry.npmjs.org/raw-body/-/raw-body-3.0.2.tgz 1ms (cache hit)
438 http cache on-finished@https://registry.npmjs.org/on-finished/-/on-finished-2.4.1.tgz 0ms (cache hit)
439 http cache qs@https://registry.npmjs.org/qs/-/qs-6.14.1.tgz 0ms (cache hit)
440 http cache object-assign@https://registry.npmjs.org/object-assign/-/object-assign-4.1.1.tgz 0ms (cache hit)
441 http cache iconv-lite@https://registry.npmjs.org/iconv-lite/-/iconv-lite-0.7.1.tgz 0ms (cache hit)
442 http cache http-errors@https://registry.npmjs.org/http-errors/-/http-errors-2.0.1.tgz 0ms (cache hit)
443 http cache debug@https://registry.npmjs.org/debug/-/debug-4.4.3.tgz 0ms (cache hit)
444 http cache content-type@https://registry.npmjs.org/content-type/-/content-type-1.0.5.tgz 0ms (cache hit)
445 http cache bytes@https://registry.npmjs.org/bytes/-/bytes-3.1.2.tgz 0ms (cache hit)
446 http cache express@https://registry.npmjs.org/express/-/express-5.2.1.tgz 0ms (cache hit)
447 http cache sql.js@https://registry.npmjs.org/sql.js/-/sql.js-1.13.0.tgz 1ms (cache hit)
448 http cache cors@https://registry.npmjs.org/cors/-/cors-2.8.5.tgz 0ms (cache hit)
449 http cache body-parser@https://registry.npmjs.org/body-parser/-/body-parser-2.2.1.tgz 0ms (cache hit)
450 silly tarball no local data for object-assign@https://registry.npmjs.org/object-assign/-/object-assign-4.1.1.tgz. Extracting by manifest.
451 silly tarball no local data for cors@https://registry.npmjs.org/cors/-/cors-2.8.5.tgz. Extracting by manifest.
452 http fetch POST 200 https://registry.npmjs.org/-/npm/v1/security/advisories/bulk 1309ms
453 silly audit report {}
454 http fetch GET 200 https://registry.npmjs.org/object-assign/-/object-assign-4.1.1.tgz 1448ms (cache miss)
455 http fetch GET 200 https://registry.npmjs.org/cors/-/cors-2.8.5.tgz 1470ms (cache miss)
456 silly ADD node_modules/media-typer
457 silly ADD node_modules/dunder-proto
458 silly ADD node_modules/math-intrinsics
459 silly ADD node_modules/hasown
460 silly ADD node_modules/has-symbols
461 silly ADD node_modules/gopd
462 silly ADD node_modules/get-proto
463 silly ADD node_modules/es-object-atoms
464 silly ADD node_modules/es-define-property
465 silly ADD node_modules/function-bind
466 silly ADD node_modules/call-bind-apply-helpers
467 silly ADD node_modules/get-intrinsic
468 silly ADD node_modules/call-bound
469 silly ADD node_modules/side-channel-weakmap
470 silly ADD node_modules/side-channel-map
471 silly ADD node_modules/side-channel-list
472 silly ADD node_modules/object-inspect
473 silly ADD node_modules/es-errors
474 silly ADD node_modules/path-to-regexp
475 silly ADD node_modules/is-promise
476 silly ADD node_modules/unpipe
477 silly ADD node_modules/side-channel
478 silly ADD node_modules/ipaddr.js
479 silly ADD node_modules/forwarded
480 silly ADD node_modules/wrappy
481 silly ADD node_modules/ee-first
482 silly ADD node_modules/mime-db
483 silly ADD node_modules/safer-buffer
484 silly ADD node_modules/toidentifier
485 silly ADD node_modules/setprototypeof
486 silly ADD node_modules/inherits
487 silly ADD node_modules/negotiator
488 silly ADD node_modules/statuses
489 silly ADD node_modules/serve-static
490 silly ADD node_modules/send
491 silly ADD node_modules/router
492 silly ADD node_modules/range-parser
493 silly ADD node_modules/proxy-addr
494 silly ADD node_modules/parseurl
495 silly ADD node_modules/once
496 silly ADD node_modules/mime-types
497 silly ADD node_modules/merge-descriptors
498 silly ADD node_modules/fresh
499 silly ADD node_modules/finalhandler
500 silly ADD node_modules/etag
501 silly ADD node_modules/escape-html
502 silly ADD node_modules/encodeurl
503 silly ADD node_modules/depd
504 silly ADD node_modules/cookie-signature
505 silly ADD node_modules/cookie
506 silly ADD node_modules/content-disposition
507 silly ADD node_modules/accepts
508 silly ADD node_modules/ms
509 silly ADD node_modules/vary
510 silly ADD node_modules/object-assign
511 silly ADD node_modules/type-is
512 silly ADD node_modules/raw-body
513 silly ADD node_modules/qs
514 silly ADD node_modules/on-finished
515 silly ADD node_modules/iconv-lite
516 silly ADD node_modules/http-errors
517 silly ADD node_modules/debug
518 silly ADD node_modules/content-type
519 silly ADD node_modules/bytes
520 silly ADD node_modules/sql.js
521 silly ADD node_modules/express
522 silly ADD node_modules/cors
523 silly ADD node_modules/body-parser
524 verbose cwd /data/data/com.termux/files/home/myapp/design-app
525 verbose os Linux 4.9.190-perf-gd6489126e4e3
526 verbose node v25.2.1
527 verbose npm  v11.6.2
528 verbose exit 0
529 info ok
