0 verbose cli /data/data/com.termux/files/usr/bin/node /data/data/com.termux/files/usr/bin/npm
1 info using npm@11.6.2
2 info using node@v25.2.1
3 silly config load:file:/data/data/com.termux/files/usr/lib/node_modules/npm/npmrc
4 silly config load:file:/data/data/com.termux/files/home/myapp/design-app/cad-pcb-webapp/.npmrc
5 silly config load:file:/data/data/com.termux/files/home/.npmrc
6 silly config load:file:/data/data/com.termux/files/usr/etc/npmrc
7 verbose title npm install express body-parser cors
8 verbose argv "install" "express" "body-parser" "cors"
9 verbose logfile logs-max:10 dir:/data/data/com.termux/files/home/.npm/_logs/2026-01-01T17_10_24_713Z-
10 verbose logfile /data/data/com.termux/files/home/.npm/_logs/2026-01-01T17_10_24_713Z-debug-0.log
11 silly logfile start cleaning logs, removing 1 files
12 silly packumentCache heap:516423680 maxSize:129105920 maxEntrySize:64552960
13 silly logfile done cleaning log files
14 silly idealTree buildDeps
15 silly fetch manifest express@*
16 silly packumentCache full:https://registry.npmjs.org/express cache-miss
17 http fetch GET 200 https://registry.npmjs.org/express 1143ms (cache revalidated)
18 silly packumentCache full:https://registry.npmjs.org/express set size:801203 disposed:false
19 silly fetch manifest body-parser@*
20 silly packumentCache full:https://registry.npmjs.org/body-parser cache-miss
21 http fetch GET 200 https://registry.npmjs.org/body-parser 240ms (cache revalidated)
22 silly packumentCache full:https://registry.npmjs.org/body-parser set size:194402 disposed:false
23 silly fetch manifest cors@*
24 silly packumentCache full:https://registry.npmjs.org/cors cache-miss
25 http fetch GET 200 https://registry.npmjs.org/cors 224ms (cache revalidated)
26 silly packumentCache full:https://registry.npmjs.org/cors set size:73833 disposed:false
27 silly placeDep ROOT body-parser@2.2.1 OK for: cad-pcb-webapp@1.0.0 want: *
28 silly placeDep ROOT cors@2.8.5 OK for: cad-pcb-webapp@1.0.0 want: *
29 silly placeDep ROOT express@5.2.1 OK for: cad-pcb-webapp@1.0.0 want: *
30 silly fetch manifest qs@^6.14.0
31 silly packumentCache full:https://registry.npmjs.org/qs cache-miss
32 silly fetch manifest bytes@^3.1.2
33 silly packumentCache full:https://registry.npmjs.org/bytes cache-miss
34 silly fetch manifest debug@^4.4.3
35 silly packumentCache full:https://registry.npmjs.org/debug cache-miss
36 silly fetch manifest type-is@^2.0.1
37 silly packumentCache full:https://registry.npmjs.org/type-is cache-miss
38 silly fetch manifest raw-body@^3.0.1
39 silly packumentCache full:https://registry.npmjs.org/raw-body cache-miss
40 silly fetch manifest iconv-lite@^0.7.0
41 silly packumentCache full:https://registry.npmjs.org/iconv-lite cache-miss
42 silly fetch manifest http-errors@^2.0.0
43 silly packumentCache full:https://registry.npmjs.org/http-errors cache-miss
44 http fetch GET 200 https://registry.npmjs.org/qs 259ms (cache revalidated)
45 silly packumentCache full:https://registry.npmjs.org/qs set size:268000 disposed:false
46 silly fetch manifest on-finished@^2.4.1
47 silly packumentCache full:https://registry.npmjs.org/on-finished cache-miss
48 http fetch GET 200 https://registry.npmjs.org/on-finished 305ms (cache revalidated)
49 silly packumentCache full:https://registry.npmjs.org/on-finished set size:23212 disposed:false
50 silly fetch manifest content-type@^1.0.5
51 silly packumentCache full:https://registry.npmjs.org/content-type cache-miss
52 http fetch GET 200 https://registry.npmjs.org/debug 732ms (cache revalidated)
53 silly packumentCache full:https://registry.npmjs.org/debug set size:195840 disposed:false
54 silly fetch manifest vary@^1
55 silly packumentCache full:https://registry.npmjs.org/vary cache-miss
56 http fetch GET 200 https://registry.npmjs.org/bytes 843ms (cache revalidated)
57 silly packumentCache full:https://registry.npmjs.org/bytes set size:37018 disposed:false
58 silly fetch manifest object-assign@^4
59 silly packumentCache full:https://registry.npmjs.org/object-assign cache-miss
60 http fetch GET 200 https://registry.npmjs.org/type-is 855ms (cache revalidated)
61 silly packumentCache full:https://registry.npmjs.org/type-is set size:86196 disposed:false
62 silly fetch manifest depd@^2.0.0
63 silly packumentCache full:https://registry.npmjs.org/depd cache-miss
64 http fetch GET 200 https://registry.npmjs.org/content-type 284ms (cache revalidated)
65 silly packumentCache full:https://registry.npmjs.org/content-type set size:17311 disposed:false
66 silly fetch manifest etag@^1.8.1
67 silly packumentCache full:https://registry.npmjs.org/etag cache-miss
68 http fetch GET 200 https://registry.npmjs.org/iconv-lite 909ms (cache revalidated)
69 silly packumentCache full:https://registry.npmjs.org/iconv-lite set size:121629 disposed:false
70 silly fetch manifest once@^1.4.0
71 silly packumentCache full:https://registry.npmjs.org/once cache-miss
72 http fetch GET 200 https://registry.npmjs.org/http-errors 930ms (cache revalidated)
73 silly packumentCache full:https://registry.npmjs.org/http-errors set size:71987 disposed:false
74 silly fetch manifest send@^1.1.0
75 silly packumentCache full:https://registry.npmjs.org/send cache-miss
76 http fetch GET 200 https://registry.npmjs.org/raw-body 984ms (cache revalidated)
77 silly packumentCache full:https://registry.npmjs.org/raw-body set size:117767 disposed:false
78 silly fetch manifest vary@^1.1.2
79 silly packumentCache full:https://registry.npmjs.org/vary cache-miss
80 http fetch GET 200 https://registry.npmjs.org/vary 287ms (cache revalidated)
81 silly packumentCache full:https://registry.npmjs.org/vary set size:16018 disposed:false
82 silly fetch manifest debug@^4.4.0
83 silly packumentCache full:https://registry.npmjs.org/debug cache-hit
84 silly fetch manifest fresh@^2.0.0
85 silly packumentCache full:https://registry.npmjs.org/fresh cache-miss
86 http cache https://registry.npmjs.org/vary 86ms (cache hit)
87 silly packumentCache full:https://registry.npmjs.org/vary set size:16018 disposed:false
88 silly packumentCache full:https://registry.npmjs.org/vary dispose
89 silly fetch manifest cookie@^0.7.1
90 silly packumentCache full:https://registry.npmjs.org/cookie cache-miss
91 http fetch GET 200 https://registry.npmjs.org/depd 336ms (cache revalidated)
92 silly packumentCache full:https://registry.npmjs.org/depd set size:40182 disposed:false
93 silly fetch manifest router@^2.2.0
94 silly packumentCache full:https://registry.npmjs.org/router cache-miss
95 http fetch GET 200 https://registry.npmjs.org/etag 337ms (cache revalidated)
96 silly packumentCache full:https://registry.npmjs.org/etag set size:30032 disposed:false
97 silly fetch manifest accepts@^2.0.0
98 silly packumentCache full:https://registry.npmjs.org/accepts cache-miss
99 http fetch GET 200 https://registry.npmjs.org/object-assign 425ms (cache revalidated)
100 silly packumentCache full:https://registry.npmjs.org/object-assign set size:28988 disposed:false
101 silly fetch manifest parseurl@^1.3.3
102 silly packumentCache full:https://registry.npmjs.org/parseurl cache-miss
103 http fetch GET 200 https://registry.npmjs.org/once 397ms (cache revalidated)
104 silly packumentCache full:https://registry.npmjs.org/once set size:11768 disposed:false
105 silly fetch manifest statuses@^2.0.1
106 silly packumentCache full:https://registry.npmjs.org/statuses cache-miss
107 http fetch GET 200 https://registry.npmjs.org/fresh 291ms (cache revalidated)
108 silly packumentCache full:https://registry.npmjs.org/fresh set size:25427 disposed:false
109 silly fetch manifest encodeurl@^2.0.0
110 silly packumentCache full:https://registry.npmjs.org/encodeurl cache-miss
111 http fetch GET 200 https://registry.npmjs.org/cookie 306ms (cache revalidated)
112 silly packumentCache full:https://registry.npmjs.org/cookie set size:72891 disposed:false
113 silly fetch manifest mime-types@^3.0.0
114 silly packumentCache full:https://registry.npmjs.org/mime-types cache-miss
115 http fetch GET 200 https://registry.npmjs.org/send 584ms (cache revalidated)
116 silly packumentCache full:https://registry.npmjs.org/send set size:152810 disposed:false
117 silly fetch manifest proxy-addr@^2.0.7
118 silly packumentCache full:https://registry.npmjs.org/proxy-addr cache-miss
119 http fetch GET 200 https://registry.npmjs.org/router 376ms (cache revalidated)
120 silly packumentCache full:https://registry.npmjs.org/router set size:116499 disposed:false
121 silly fetch manifest escape-html@^1.0.3
122 silly packumentCache full:https://registry.npmjs.org/escape-html cache-miss
123 http fetch GET 200 https://registry.npmjs.org/accepts 385ms (cache revalidated)
124 silly packumentCache full:https://registry.npmjs.org/accepts set size:77054 disposed:false
125 silly fetch manifest finalhandler@^2.1.0
126 silly packumentCache full:https://registry.npmjs.org/finalhandler cache-miss
127 http fetch GET 200 https://registry.npmjs.org/parseurl 470ms (cache revalidated)
128 silly packumentCache full:https://registry.npmjs.org/parseurl set size:24148 disposed:false
129 silly fetch manifest range-parser@^1.2.1
130 silly packumentCache full:https://registry.npmjs.org/range-parser cache-miss
131 http fetch GET 200 https://registry.npmjs.org/encodeurl 414ms (cache revalidated)
132 silly packumentCache full:https://registry.npmjs.org/encodeurl set size:12296 disposed:false
133 silly fetch manifest serve-static@^2.2.0
134 silly packumentCache full:https://registry.npmjs.org/serve-static cache-miss
135 http fetch GET 200 https://registry.npmjs.org/statuses 450ms (cache revalidated)
136 silly packumentCache full:https://registry.npmjs.org/statuses set size:37117 disposed:false
137 silly fetch manifest cookie-signature@^1.2.1
138 silly packumentCache full:https://registry.npmjs.org/cookie-signature cache-miss
139 http fetch GET 200 https://registry.npmjs.org/mime-types 417ms (cache revalidated)
140 silly packumentCache full:https://registry.npmjs.org/mime-types set size:139110 disposed:false
141 silly fetch manifest merge-descriptors@^2.0.0
142 silly packumentCache full:https://registry.npmjs.org/merge-descriptors cache-miss
143 http fetch GET 200 https://registry.npmjs.org/proxy-addr 346ms (cache revalidated)
144 silly packumentCache full:https://registry.npmjs.org/proxy-addr set size:61619 disposed:false
145 silly fetch manifest content-disposition@^1.0.0
146 silly packumentCache full:https://registry.npmjs.org/content-disposition cache-miss
147 http fetch GET 200 https://registry.npmjs.org/escape-html 325ms (cache revalidated)
148 silly packumentCache full:https://registry.npmjs.org/escape-html set size:7345 disposed:false
149 http fetch GET 200 https://registry.npmjs.org/finalhandler 311ms (cache revalidated)
150 silly packumentCache full:https://registry.npmjs.org/finalhandler set size:79291 disposed:false
151 http fetch GET 200 https://registry.npmjs.org/serve-static 247ms (cache revalidated)
152 silly packumentCache full:https://registry.npmjs.org/serve-static set size:150391 disposed:false
153 http fetch GET 200 https://registry.npmjs.org/cookie-signature 315ms (cache revalidated)
154 silly packumentCache full:https://registry.npmjs.org/cookie-signature set size:21777 disposed:false
155 http fetch GET 200 https://registry.npmjs.org/merge-descriptors 299ms (cache revalidated)
156 silly packumentCache full:https://registry.npmjs.org/merge-descriptors set size:16527 disposed:false
157 http fetch GET 200 https://registry.npmjs.org/content-disposition 276ms (cache revalidated)
158 silly packumentCache full:https://registry.npmjs.org/content-disposition set size:34469 disposed:false
159 http fetch GET 200 https://registry.npmjs.org/range-parser 447ms (cache revalidated)
160 silly packumentCache full:https://registry.npmjs.org/range-parser set size:22228 disposed:false
161 silly placeDep ROOT bytes@3.1.2 OK for: body-parser@2.2.1 want: ^3.1.2
162 silly placeDep ROOT content-type@1.0.5 OK for: body-parser@2.2.1 want: ^1.0.5
163 silly placeDep ROOT debug@4.4.3 OK for: body-parser@2.2.1 want: ^4.4.3
164 silly placeDep ROOT http-errors@2.0.1 OK for: body-parser@2.2.1 want: ^2.0.0
165 silly placeDep ROOT iconv-lite@0.7.1 OK for: body-parser@2.2.1 want: ^0.7.0
166 silly placeDep ROOT on-finished@2.4.1 OK for: body-parser@2.2.1 want: ^2.4.1
167 silly placeDep ROOT qs@6.14.1 OK for: body-parser@2.2.1 want: ^6.14.0
168 silly placeDep ROOT raw-body@3.0.2 OK for: body-parser@2.2.1 want: ^3.0.1
169 silly placeDep ROOT type-is@2.0.1 OK for: body-parser@2.2.1 want: ^2.0.1
170 silly fetch manifest ms@^2.1.3
171 silly packumentCache full:https://registry.npmjs.org/ms cache-miss
172 silly fetch manifest depd@~2.0.0
173 silly packumentCache full:https://registry.npmjs.org/depd cache-hit
174 silly fetch manifest inherits@~2.0.4
175 silly packumentCache full:https://registry.npmjs.org/inherits cache-miss
176 silly fetch manifest setprototypeof@~1.2.0
177 silly packumentCache full:https://registry.npmjs.org/setprototypeof cache-miss
178 silly fetch manifest statuses@~2.0.2
179 silly packumentCache full:https://registry.npmjs.org/statuses cache-hit
180 silly fetch manifest toidentifier@~1.0.1
181 silly packumentCache full:https://registry.npmjs.org/toidentifier cache-miss
182 silly fetch manifest safer-buffer@>= 2.1.2 < 3.0.0
183 silly packumentCache full:https://registry.npmjs.org/safer-buffer cache-miss
184 silly fetch manifest ee-first@1.1.1
185 silly packumentCache full:https://registry.npmjs.org/ee-first cache-miss
186 silly fetch manifest side-channel@^1.1.0
187 silly packumentCache full:https://registry.npmjs.org/side-channel cache-miss
188 http fetch GET 200 https://registry.npmjs.org/ms 310ms (cache revalidated)
189 silly packumentCache full:https://registry.npmjs.org/ms set size:92208 disposed:false
190 silly fetch manifest unpipe@~1.0.0
191 silly packumentCache full:https://registry.npmjs.org/unpipe cache-miss
192 http fetch GET 200 https://registry.npmjs.org/setprototypeof 359ms (cache revalidated)
193 silly packumentCache full:https://registry.npmjs.org/setprototypeof set size:14532 disposed:false
194 silly fetch manifest media-typer@^1.1.0
195 silly packumentCache full:https://registry.npmjs.org/media-typer cache-miss
196 http fetch GET 200 https://registry.npmjs.org/inherits 378ms (cache revalidated)
197 silly packumentCache full:https://registry.npmjs.org/inherits set size:12925 disposed:false
198 http fetch GET 200 https://registry.npmjs.org/ee-first 354ms (cache revalidated)
199 silly packumentCache full:https://registry.npmjs.org/ee-first set size:15327 disposed:false
200 http fetch GET 200 https://registry.npmjs.org/toidentifier 379ms (cache revalidated)
201 silly packumentCache full:https://registry.npmjs.org/toidentifier set size:12006 disposed:false
202 http fetch GET 200 https://registry.npmjs.org/side-channel 373ms (cache revalidated)
203 silly packumentCache full:https://registry.npmjs.org/side-channel set size:24660 disposed:false
204 http fetch GET 200 https://registry.npmjs.org/safer-buffer 420ms (cache revalidated)
205 silly packumentCache full:https://registry.npmjs.org/safer-buffer set size:18521 disposed:false
206 http fetch GET 200 https://registry.npmjs.org/unpipe 294ms (cache revalidated)
207 silly packumentCache full:https://registry.npmjs.org/unpipe set size:3537 disposed:false
208 http fetch GET 200 https://registry.npmjs.org/media-typer 251ms (cache revalidated)
209 silly packumentCache full:https://registry.npmjs.org/media-typer set size:20873 disposed:false
210 silly placeDep ROOT object-assign@4.1.1 OK for: cors@2.8.5 want: ^4
211 silly placeDep ROOT vary@1.1.2 OK for: cors@2.8.5 want: ^1
212 silly placeDep ROOT ms@2.1.3 OK for: debug@4.4.3 want: ^2.1.3
213 silly placeDep ROOT accepts@2.0.0 OK for: express@5.2.1 want: ^2.0.0
214 silly placeDep ROOT content-disposition@1.0.1 OK for: express@5.2.1 want: ^1.0.0
215 silly placeDep ROOT cookie@0.7.2 OK for: express@5.2.1 want: ^0.7.1
216 silly placeDep ROOT cookie-signature@1.2.2 OK for: express@5.2.1 want: ^1.2.1
217 silly placeDep ROOT depd@2.0.0 OK for: express@5.2.1 want: ^2.0.0
218 silly placeDep ROOT encodeurl@2.0.0 OK for: express@5.2.1 want: ^2.0.0
219 silly placeDep ROOT escape-html@1.0.3 OK for: express@5.2.1 want: ^1.0.3
220 silly placeDep ROOT etag@1.8.1 OK for: express@5.2.1 want: ^1.8.1
221 silly placeDep ROOT finalhandler@2.1.1 OK for: express@5.2.1 want: ^2.1.0
222 silly placeDep ROOT fresh@2.0.0 OK for: express@5.2.1 want: ^2.0.0
223 silly placeDep ROOT merge-descriptors@2.0.0 OK for: express@5.2.1 want: ^2.0.0
224 silly placeDep ROOT mime-types@3.0.2 OK for: express@5.2.1 want: ^3.0.0
225 silly placeDep ROOT once@1.4.0 OK for: express@5.2.1 want: ^1.4.0
226 silly placeDep ROOT parseurl@1.3.3 OK for: express@5.2.1 want: ^1.3.3
227 silly placeDep ROOT proxy-addr@2.0.7 OK for: express@5.2.1 want: ^2.0.7
228 silly placeDep ROOT range-parser@1.2.1 OK for: express@5.2.1 want: ^1.2.1
229 silly placeDep ROOT router@2.2.0 OK for: express@5.2.1 want: ^2.2.0
230 silly placeDep ROOT send@1.2.1 OK for: express@5.2.1 want: ^1.1.0
231 silly placeDep ROOT serve-static@2.2.1 OK for: express@5.2.1 want: ^2.2.0
232 silly placeDep ROOT statuses@2.0.2 OK for: express@5.2.1 want: ^2.0.1
233 silly fetch manifest negotiator@^1.0.0
234 silly packumentCache full:https://registry.npmjs.org/negotiator cache-miss
235 silly fetch manifest mime-db@^1.54.0
236 silly packumentCache full:https://registry.npmjs.org/mime-db cache-miss
237 silly fetch manifest wrappy@1
238 silly packumentCache full:https://registry.npmjs.org/wrappy cache-miss
239 silly fetch manifest forwarded@0.2.0
240 silly packumentCache full:https://registry.npmjs.org/forwarded cache-miss
241 silly fetch manifest ipaddr.js@1.9.1
242 silly packumentCache full:https://registry.npmjs.org/ipaddr.js cache-miss
243 silly fetch manifest is-promise@^4.0.0
244 silly packumentCache full:https://registry.npmjs.org/is-promise cache-miss
245 silly fetch manifest path-to-regexp@^8.0.0
246 silly packumentCache full:https://registry.npmjs.org/path-to-regexp cache-miss
247 http fetch GET 200 https://registry.npmjs.org/negotiator 283ms (cache revalidated)
248 silly packumentCache full:https://registry.npmjs.org/negotiator set size:48046 disposed:false
249 silly fetch manifest statuses@^2.0.2
250 silly packumentCache full:https://registry.npmjs.org/statuses cache-hit
251 http fetch GET 200 https://registry.npmjs.org/wrappy 288ms (cache revalidated)
252 silly packumentCache full:https://registry.npmjs.org/wrappy set size:7682 disposed:false
253 http fetch GET 200 https://registry.npmjs.org/forwarded 292ms (cache revalidated)
254 silly packumentCache full:https://registry.npmjs.org/forwarded set size:11229 disposed:false
255 http fetch GET 200 https://registry.npmjs.org/mime-db 307ms (cache revalidated)
256 silly packumentCache full:https://registry.npmjs.org/mime-db set size:164953 disposed:false
257 http fetch GET 200 https://registry.npmjs.org/is-promise 311ms (cache revalidated)
258 silly packumentCache full:https://registry.npmjs.org/is-promise set size:18599 disposed:false
259 http fetch GET 200 https://registry.npmjs.org/ipaddr.js 321ms (cache revalidated)
260 silly packumentCache full:https://registry.npmjs.org/ipaddr.js set size:67857 disposed:false
261 http fetch GET 200 https://registry.npmjs.org/path-to-regexp 329ms (cache revalidated)
262 silly packumentCache full:https://registry.npmjs.org/path-to-regexp set size:207142 disposed:false
263 silly placeDep ROOT negotiator@1.0.0 OK for: accepts@2.0.0 want: ^1.0.0
264 silly placeDep ROOT inherits@2.0.4 OK for: http-errors@2.0.1 want: ~2.0.4
265 silly placeDep ROOT setprototypeof@1.2.0 OK for: http-errors@2.0.1 want: ~1.2.0
266 silly placeDep ROOT toidentifier@1.0.1 OK for: http-errors@2.0.1 want: ~1.0.1
267 silly placeDep ROOT safer-buffer@2.1.2 OK for: iconv-lite@0.7.1 want: >= 2.1.2 < 3.0.0
268 silly placeDep ROOT mime-db@1.54.0 OK for: mime-types@3.0.2 want: ^1.54.0
269 silly placeDep ROOT ee-first@1.1.1 OK for: on-finished@2.4.1 want: 1.1.1
270 silly placeDep ROOT wrappy@1.0.2 OK for: once@1.4.0 want: 1
271 silly placeDep ROOT forwarded@0.2.0 OK for: proxy-addr@2.0.7 want: 0.2.0
272 silly placeDep ROOT ipaddr.js@1.9.1 OK for: proxy-addr@2.0.7 want: 1.9.1
273 silly placeDep ROOT side-channel@1.1.0 OK for: qs@6.14.1 want: ^1.1.0
274 silly fetch manifest es-errors@^1.3.0
275 silly packumentCache full:https://registry.npmjs.org/es-errors cache-miss
276 silly fetch manifest object-inspect@^1.13.3
277 silly packumentCache full:https://registry.npmjs.org/object-inspect cache-miss
278 silly fetch manifest side-channel-list@^1.0.0
279 silly packumentCache full:https://registry.npmjs.org/side-channel-list cache-miss
280 silly fetch manifest side-channel-map@^1.0.1
281 silly packumentCache full:https://registry.npmjs.org/side-channel-map cache-miss
282 silly fetch manifest side-channel-weakmap@^1.0.2
283 silly packumentCache full:https://registry.npmjs.org/side-channel-weakmap cache-miss
284 http fetch GET 200 https://registry.npmjs.org/es-errors 239ms (cache revalidated)
285 silly packumentCache full:https://registry.npmjs.org/es-errors set size:16918 disposed:false
286 http fetch GET 200 https://registry.npmjs.org/side-channel-list 277ms (cache revalidated)
287 silly packumentCache full:https://registry.npmjs.org/side-channel-list set size:6005 disposed:false
288 http fetch GET 200 https://registry.npmjs.org/object-inspect 290ms (cache revalidated)
289 silly packumentCache full:https://registry.npmjs.org/object-inspect set size:101912 disposed:false
290 http fetch GET 200 https://registry.npmjs.org/side-channel-map 299ms (cache revalidated)
291 silly packumentCache full:https://registry.npmjs.org/side-channel-map set size:9126 disposed:false
292 http fetch GET 200 https://registry.npmjs.org/side-channel-weakmap 302ms (cache revalidated)
293 silly packumentCache full:https://registry.npmjs.org/side-channel-weakmap set size:12620 disposed:false
294 silly placeDep ROOT unpipe@1.0.0 OK for: raw-body@3.0.2 want: ~1.0.0
295 silly placeDep ROOT is-promise@4.0.0 OK for: router@2.2.0 want: ^4.0.0
296 silly placeDep ROOT path-to-regexp@8.3.0 OK for: router@2.2.0 want: ^8.0.0
297 silly placeDep ROOT es-errors@1.3.0 OK for: side-channel@1.1.0 want: ^1.3.0
298 silly placeDep ROOT object-inspect@1.13.4 OK for: side-channel@1.1.0 want: ^1.13.3
299 silly placeDep ROOT side-channel-list@1.0.0 OK for: side-channel@1.1.0 want: ^1.0.0
300 silly placeDep ROOT side-channel-map@1.0.1 OK for: side-channel@1.1.0 want: ^1.0.1
301 silly placeDep ROOT side-channel-weakmap@1.0.2 OK for: side-channel@1.1.0 want: ^1.0.2
302 silly fetch manifest call-bound@^1.0.2
303 silly packumentCache full:https://registry.npmjs.org/call-bound cache-miss
304 silly fetch manifest get-intrinsic@^1.2.5
305 silly packumentCache full:https://registry.npmjs.org/get-intrinsic cache-miss
306 silly fetch manifest call-bound@^1.0.2
307 silly packumentCache full:https://registry.npmjs.org/call-bound cache-miss
308 silly fetch manifest get-intrinsic@^1.2.5
309 silly packumentCache full:https://registry.npmjs.org/get-intrinsic cache-miss
310 http fetch GET 200 https://registry.npmjs.org/call-bound 257ms (cache revalidated)
311 silly packumentCache full:https://registry.npmjs.org/call-bound set size:15317 disposed:false
312 http fetch GET 200 https://registry.npmjs.org/call-bound 256ms (cache revalidated)
313 silly packumentCache full:https://registry.npmjs.org/call-bound set size:15317 disposed:false
314 silly packumentCache full:https://registry.npmjs.org/call-bound dispose
315 http fetch GET 200 https://registry.npmjs.org/get-intrinsic 261ms (cache revalidated)
316 silly packumentCache full:https://registry.npmjs.org/get-intrinsic set size:60985 disposed:false
317 http fetch GET 200 https://registry.npmjs.org/get-intrinsic 280ms (cache revalidated)
318 silly packumentCache full:https://registry.npmjs.org/get-intrinsic set size:60985 disposed:false
319 silly packumentCache full:https://registry.npmjs.org/get-intrinsic dispose
320 silly placeDep ROOT call-bound@1.0.4 OK for: side-channel-map@1.0.1 want: ^1.0.2
321 silly placeDep ROOT get-intrinsic@1.3.0 OK for: side-channel-map@1.0.1 want: ^1.2.5
322 silly fetch manifest call-bind-apply-helpers@^1.0.2
323 silly packumentCache full:https://registry.npmjs.org/call-bind-apply-helpers cache-miss
324 silly fetch manifest get-intrinsic@^1.3.0
325 silly packumentCache full:https://registry.npmjs.org/get-intrinsic cache-hit
326 silly fetch manifest gopd@^1.2.0
327 silly packumentCache full:https://registry.npmjs.org/gopd cache-miss
328 silly fetch manifest hasown@^2.0.2
329 silly packumentCache full:https://registry.npmjs.org/hasown cache-miss
330 silly fetch manifest get-proto@^1.0.1
331 silly packumentCache full:https://registry.npmjs.org/get-proto cache-miss
332 silly fetch manifest has-symbols@^1.1.0
333 silly packumentCache full:https://registry.npmjs.org/has-symbols cache-miss
334 silly fetch manifest function-bind@^1.1.2
335 silly packumentCache full:https://registry.npmjs.org/function-bind cache-miss
336 silly fetch manifest es-object-atoms@^1.1.1
337 silly packumentCache full:https://registry.npmjs.org/es-object-atoms cache-miss
338 http fetch GET 200 https://registry.npmjs.org/call-bind-apply-helpers 295ms (cache revalidated)
339 silly packumentCache full:https://registry.npmjs.org/call-bind-apply-helpers set size:12744 disposed:false
340 silly fetch manifest math-intrinsics@^1.1.0
341 silly packumentCache full:https://registry.npmjs.org/math-intrinsics cache-miss
342 http fetch GET 200 https://registry.npmjs.org/hasown 297ms (cache revalidated)
343 silly packumentCache full:https://registry.npmjs.org/hasown set size:12476 disposed:false
344 silly fetch manifest es-define-property@^1.0.1
345 silly packumentCache full:https://registry.npmjs.org/es-define-property cache-miss
346 http fetch GET 200 https://registry.npmjs.org/function-bind 305ms (cache revalidated)
347 silly packumentCache full:https://registry.npmjs.org/function-bind set size:15733 disposed:false
348 http fetch GET 200 https://registry.npmjs.org/get-proto 325ms (cache revalidated)
349 silly packumentCache full:https://registry.npmjs.org/get-proto set size:8300 disposed:false
350 http fetch GET 200 https://registry.npmjs.org/gopd 341ms (cache revalidated)
351 silly packumentCache full:https://registry.npmjs.org/gopd set size:11458 disposed:false
352 http fetch GET 200 https://registry.npmjs.org/has-symbols 346ms (cache revalidated)
353 silly packumentCache full:https://registry.npmjs.org/has-symbols set size:21550 disposed:false
354 http fetch GET 200 https://registry.npmjs.org/es-define-property 316ms (cache revalidated)
355 silly packumentCache full:https://registry.npmjs.org/es-define-property set size:8542 disposed:false
356 http fetch GET 200 https://registry.npmjs.org/es-object-atoms 623ms (cache revalidated)
357 silly packumentCache full:https://registry.npmjs.org/es-object-atoms set size:15304 disposed:false
358 http fetch GET 200 https://registry.npmjs.org/math-intrinsics 3109ms (cache revalidated)
359 silly packumentCache full:https://registry.npmjs.org/math-intrinsics set size:9265 disposed:false
360 silly placeDep ROOT call-bind-apply-helpers@1.0.2 OK for: call-bound@1.0.4 want: ^1.0.2
361 silly placeDep ROOT function-bind@1.1.2 OK for: call-bind-apply-helpers@1.0.2 want: ^1.1.2
362 silly placeDep ROOT es-define-property@1.0.1 OK for: get-intrinsic@1.3.0 want: ^1.0.1
363 silly placeDep ROOT es-object-atoms@1.1.1 OK for: get-intrinsic@1.3.0 want: ^1.1.1
364 silly placeDep ROOT get-proto@1.0.1 OK for: get-intrinsic@1.3.0 want: ^1.0.1
365 silly placeDep ROOT gopd@1.2.0 OK for: get-intrinsic@1.3.0 want: ^1.2.0
366 silly placeDep ROOT has-symbols@1.1.0 OK for: get-intrinsic@1.3.0 want: ^1.1.0
367 silly placeDep ROOT hasown@2.0.2 OK for: get-intrinsic@1.3.0 want: ^2.0.2
368 silly placeDep ROOT math-intrinsics@1.1.0 OK for: get-intrinsic@1.3.0 want: ^1.1.0
369 silly fetch manifest dunder-proto@^1.0.1
370 silly packumentCache full:https://registry.npmjs.org/dunder-proto cache-miss
371 http fetch GET 200 https://registry.npmjs.org/dunder-proto 573ms (cache revalidated)
372 silly packumentCache full:https://registry.npmjs.org/dunder-proto set size:8256 disposed:false
373 silly placeDep ROOT dunder-proto@1.0.1 OK for: get-proto@1.0.1 want: ^1.0.1
374 silly placeDep ROOT media-typer@1.1.0 OK for: type-is@2.0.1 want: ^1.1.0
375 silly reify moves {}
376 silly audit bulk request {
376 silly audit   'body-parser': [ '2.2.1' ],
376 silly audit   cors: [ '2.8.5' ],
376 silly audit   express: [ '5.2.1' ],
376 silly audit   bytes: [ '3.1.2' ],
376 silly audit   'content-type': [ '1.0.5' ],
376 silly audit   debug: [ '4.4.3' ],
376 silly audit   'http-errors': [ '2.0.1' ],
376 silly audit   'iconv-lite': [ '0.7.1' ],
376 silly audit   'on-finished': [ '2.4.1' ],
376 silly audit   qs: [ '6.14.1' ],
376 silly audit   'raw-body': [ '3.0.2' ],
376 silly audit   'type-is': [ '2.0.1' ],
376 silly audit   'object-assign': [ '4.1.1' ],
376 silly audit   vary: [ '1.1.2' ],
376 silly audit   ms: [ '2.1.3' ],
376 silly audit   accepts: [ '2.0.0' ],
376 silly audit   'content-disposition': [ '1.0.1' ],
376 silly audit   cookie: [ '0.7.2' ],
376 silly audit   'cookie-signature': [ '1.2.2' ],
376 silly audit   depd: [ '2.0.0' ],
376 silly audit   encodeurl: [ '2.0.0' ],
376 silly audit   'escape-html': [ '1.0.3' ],
376 silly audit   etag: [ '1.8.1' ],
376 silly audit   finalhandler: [ '2.1.1' ],
376 silly audit   fresh: [ '2.0.0' ],
376 silly audit   'merge-descriptors': [ '2.0.0' ],
376 silly audit   'mime-types': [ '3.0.2' ],
376 silly audit   once: [ '1.4.0' ],
376 silly audit   parseurl: [ '1.3.3' ],
376 silly audit   'proxy-addr': [ '2.0.7' ],
376 silly audit   'range-parser': [ '1.2.1' ],
376 silly audit   router: [ '2.2.0' ],
376 silly audit   send: [ '1.2.1' ],
376 silly audit   'serve-static': [ '2.2.1' ],
376 silly audit   statuses: [ '2.0.2' ],
376 silly audit   negotiator: [ '1.0.0' ],
376 silly audit   inherits: [ '2.0.4' ],
376 silly audit   setprototypeof: [ '1.2.0' ],
376 silly audit   toidentifier: [ '1.0.1' ],
376 silly audit   'safer-buffer': [ '2.1.2' ],
376 silly audit   'mime-db': [ '1.54.0' ],
376 silly audit   'ee-first': [ '1.1.1' ],
376 silly audit   wrappy: [ '1.0.2' ],
376 silly audit   forwarded: [ '0.2.0' ],
376 silly audit   'ipaddr.js': [ '1.9.1' ],
376 silly audit   'side-channel': [ '1.1.0' ],
376 silly audit   unpipe: [ '1.0.0' ],
376 silly audit   'is-promise': [ '4.0.0' ],
376 silly audit   'path-to-regexp': [ '8.3.0' ],
376 silly audit   'es-errors': [ '1.3.0' ],
376 silly audit   'object-inspect': [ '1.13.4' ],
376 silly audit   'side-channel-list': [ '1.0.0' ],
376 silly audit   'side-channel-map': [ '1.0.1' ],
376 silly audit   'side-channel-weakmap': [ '1.0.2' ],
376 silly audit   'call-bound': [ '1.0.4' ],
376 silly audit   'get-intrinsic': [ '1.3.0' ],
376 silly audit   'call-bind-apply-helpers': [ '1.0.2' ],
376 silly audit   'function-bind': [ '1.1.2' ],
376 silly audit   'es-define-property': [ '1.0.1' ],
376 silly audit   'es-object-atoms': [ '1.1.1' ],
376 silly audit   'get-proto': [ '1.0.1' ],
376 silly audit   gopd: [ '1.2.0' ],
376 silly audit   'has-symbols': [ '1.1.0' ],
376 silly audit   hasown: [ '2.0.2' ],
376 silly audit   'math-intrinsics': [ '1.1.0' ],
376 silly audit   'dunder-proto': [ '1.0.1' ],
376 silly audit   'media-typer': [ '1.1.0' ]
376 silly audit }
377 http cache media-typer@https://registry.npmjs.org/media-typer/-/media-typer-1.1.0.tgz 0ms (cache hit)
378 http cache dunder-proto@https://registry.npmjs.org/dunder-proto/-/dunder-proto-1.0.1.tgz 0ms (cache hit)
379 http cache hasown@https://registry.npmjs.org/hasown/-/hasown-2.0.2.tgz 0ms (cache hit)
380 http cache has-symbols@https://registry.npmjs.org/has-symbols/-/has-symbols-1.1.0.tgz 0ms (cache hit)
381 http cache math-intrinsics@https://registry.npmjs.org/math-intrinsics/-/math-intrinsics-1.1.0.tgz 0ms (cache hit)
382 http cache es-object-atoms@https://registry.npmjs.org/es-object-atoms/-/es-object-atoms-1.1.1.tgz 0ms (cache hit)
383 http cache function-bind@https://registry.npmjs.org/function-bind/-/function-bind-1.1.2.tgz 0ms (cache hit)
384 http cache get-proto@https://registry.npmjs.org/get-proto/-/get-proto-1.0.1.tgz 1ms (cache hit)
385 http cache gopd@https://registry.npmjs.org/gopd/-/gopd-1.2.0.tgz 0ms (cache hit)
386 http cache call-bind-apply-helpers@https://registry.npmjs.org/call-bind-apply-helpers/-/call-bind-apply-helpers-1.0.2.tgz 1ms (cache hit)
387 http cache es-define-property@https://registry.npmjs.org/es-define-property/-/es-define-property-1.0.1.tgz 0ms (cache hit)
388 http cache side-channel-weakmap@https://registry.npmjs.org/side-channel-weakmap/-/side-channel-weakmap-1.0.2.tgz 0ms (cache hit)
389 http cache get-intrinsic@https://registry.npmjs.org/get-intrinsic/-/get-intrinsic-1.3.0.tgz 0ms (cache hit)
390 http cache call-bound@https://registry.npmjs.org/call-bound/-/call-bound-1.0.4.tgz 0ms (cache hit)
391 http cache side-channel-map@https://registry.npmjs.org/side-channel-map/-/side-channel-map-1.0.1.tgz 0ms (cache hit)
392 http cache side-channel-list@https://registry.npmjs.org/side-channel-list/-/side-channel-list-1.0.0.tgz 0ms (cache hit)
393 http cache object-inspect@https://registry.npmjs.org/object-inspect/-/object-inspect-1.13.4.tgz 0ms (cache hit)
394 http cache path-to-regexp@https://registry.npmjs.org/path-to-regexp/-/path-to-regexp-8.3.0.tgz 1ms (cache hit)
395 http cache es-errors@https://registry.npmjs.org/es-errors/-/es-errors-1.3.0.tgz 0ms (cache hit)
396 http cache side-channel@https://registry.npmjs.org/side-channel/-/side-channel-1.1.0.tgz 0ms (cache hit)
397 http cache forwarded@https://registry.npmjs.org/forwarded/-/forwarded-0.2.0.tgz 0ms (cache hit)
398 http cache is-promise@https://registry.npmjs.org/is-promise/-/is-promise-4.0.0.tgz 0ms (cache hit)
399 http cache unpipe@https://registry.npmjs.org/unpipe/-/unpipe-1.0.0.tgz 0ms (cache hit)
400 http cache wrappy@https://registry.npmjs.org/wrappy/-/wrappy-1.0.2.tgz 0ms (cache hit)
401 http cache ipaddr.js@https://registry.npmjs.org/ipaddr.js/-/ipaddr.js-1.9.1.tgz 0ms (cache hit)
402 http cache safer-buffer@https://registry.npmjs.org/safer-buffer/-/safer-buffer-2.1.2.tgz 0ms (cache hit)
403 http cache setprototypeof@https://registry.npmjs.org/setprototypeof/-/setprototypeof-1.2.0.tgz 0ms (cache hit)
404 http cache ee-first@https://registry.npmjs.org/ee-first/-/ee-first-1.1.1.tgz 0ms (cache hit)
405 http cache mime-db@https://registry.npmjs.org/mime-db/-/mime-db-1.54.0.tgz 0ms (cache hit)
406 http cache inherits@https://registry.npmjs.org/inherits/-/inherits-2.0.4.tgz 0ms (cache hit)
407 http cache toidentifier@https://registry.npmjs.org/toidentifier/-/toidentifier-1.0.1.tgz 0ms (cache hit)
408 http cache serve-static@https://registry.npmjs.org/serve-static/-/serve-static-2.2.1.tgz 0ms (cache hit)
409 http cache router@https://registry.npmjs.org/router/-/router-2.2.0.tgz 0ms (cache hit)
410 http cache range-parser@https://registry.npmjs.org/range-parser/-/range-parser-1.2.1.tgz 0ms (cache hit)
411 http cache statuses@https://registry.npmjs.org/statuses/-/statuses-2.0.2.tgz 0ms (cache hit)
412 http cache proxy-addr@https://registry.npmjs.org/proxy-addr/-/proxy-addr-2.0.7.tgz 0ms (cache hit)
413 http cache negotiator@https://registry.npmjs.org/negotiator/-/negotiator-1.0.0.tgz 0ms (cache hit)
414 http cache send@https://registry.npmjs.org/send/-/send-1.2.1.tgz 0ms (cache hit)
415 http cache once@https://registry.npmjs.org/once/-/once-1.4.0.tgz 0ms (cache hit)
416 http cache fresh@https://registry.npmjs.org/fresh/-/fresh-2.0.0.tgz 0ms (cache hit)
417 http cache parseurl@https://registry.npmjs.org/parseurl/-/parseurl-1.3.3.tgz 0ms (cache hit)
418 http cache finalhandler@https://registry.npmjs.org/finalhandler/-/finalhandler-2.1.1.tgz 0ms (cache hit)
419 http cache mime-types@https://registry.npmjs.org/mime-types/-/mime-types-3.0.2.tgz 0ms (cache hit)
420 http cache merge-descriptors@https://registry.npmjs.org/merge-descriptors/-/merge-descriptors-2.0.0.tgz 0ms (cache hit)
421 http cache escape-html@https://registry.npmjs.org/escape-html/-/escape-html-1.0.3.tgz 0ms (cache hit)
422 http cache cookie-signature@https://registry.npmjs.org/cookie-signature/-/cookie-signature-1.2.2.tgz 0ms (cache hit)
423 http cache etag@https://registry.npmjs.org/etag/-/etag-1.8.1.tgz 1ms (cache hit)
424 http cache cookie@https://registry.npmjs.org/cookie/-/cookie-0.7.2.tgz 1ms (cache hit)
425 http cache encodeurl@https://registry.npmjs.org/encodeurl/-/encodeurl-2.0.0.tgz 0ms (cache hit)
426 http cache depd@https://registry.npmjs.org/depd/-/depd-2.0.0.tgz 0ms (cache hit)
427 http cache accepts@https://registry.npmjs.org/accepts/-/accepts-2.0.0.tgz 1ms (cache hit)
428 http cache object-assign@https://registry.npmjs.org/object-assign/-/object-assign-4.1.1.tgz 1ms (cache hit)
429 http cache content-disposition@https://registry.npmjs.org/content-disposition/-/content-disposition-1.0.1.tgz 0ms (cache hit)
430 http cache type-is@https://registry.npmjs.org/type-is/-/type-is-2.0.1.tgz 0ms (cache hit)
431 http cache ms@https://registry.npmjs.org/ms/-/ms-2.1.3.tgz 0ms (cache hit)
432 http cache vary@https://registry.npmjs.org/vary/-/vary-1.1.2.tgz 0ms (cache hit)
433 http cache qs@https://registry.npmjs.org/qs/-/qs-6.14.1.tgz 0ms (cache hit)
434 http cache http-errors@https://registry.npmjs.org/http-errors/-/http-errors-2.0.1.tgz 0ms (cache hit)
435 http cache debug@https://registry.npmjs.org/debug/-/debug-4.4.3.tgz 0ms (cache hit)
436 http cache raw-body@https://registry.npmjs.org/raw-body/-/raw-body-3.0.2.tgz 0ms (cache hit)
437 http cache on-finished@https://registry.npmjs.org/on-finished/-/on-finished-2.4.1.tgz 0ms (cache hit)
438 http cache iconv-lite@https://registry.npmjs.org/iconv-lite/-/iconv-lite-0.7.1.tgz 0ms (cache hit)
439 http cache content-type@https://registry.npmjs.org/content-type/-/content-type-1.0.5.tgz 0ms (cache hit)
440 http cache body-parser@https://registry.npmjs.org/body-parser/-/body-parser-2.2.1.tgz 0ms (cache hit)
441 http cache bytes@https://registry.npmjs.org/bytes/-/bytes-3.1.2.tgz 0ms (cache hit)
442 http cache cors@https://registry.npmjs.org/cors/-/cors-2.8.5.tgz 0ms (cache hit)
443 http cache express@https://registry.npmjs.org/express/-/express-5.2.1.tgz 0ms (cache hit)
444 http fetch POST 200 https://registry.npmjs.org/-/npm/v1/security/advisories/bulk 931ms
445 silly audit report {}
446 silly ADD node_modules/media-typer
447 silly ADD node_modules/dunder-proto
448 silly ADD node_modules/math-intrinsics
449 silly ADD node_modules/hasown
450 silly ADD node_modules/has-symbols
451 silly ADD node_modules/gopd
452 silly ADD node_modules/get-proto
453 silly ADD node_modules/es-object-atoms
454 silly ADD node_modules/es-define-property
455 silly ADD node_modules/function-bind
456 silly ADD node_modules/call-bind-apply-helpers
457 silly ADD node_modules/get-intrinsic
458 silly ADD node_modules/call-bound
459 silly ADD node_modules/side-channel-weakmap
460 silly ADD node_modules/side-channel-map
461 silly ADD node_modules/side-channel-list
462 silly ADD node_modules/object-inspect
463 silly ADD node_modules/es-errors
464 silly ADD node_modules/path-to-regexp
465 silly ADD node_modules/is-promise
466 silly ADD node_modules/unpipe
467 silly ADD node_modules/side-channel
468 silly ADD node_modules/ipaddr.js
469 silly ADD node_modules/forwarded
470 silly ADD node_modules/wrappy
471 silly ADD node_modules/ee-first
472 silly ADD node_modules/mime-db
473 silly ADD node_modules/safer-buffer
474 silly ADD node_modules/toidentifier
475 silly ADD node_modules/setprototypeof
476 silly ADD node_modules/inherits
477 silly ADD node_modules/negotiator
478 silly ADD node_modules/statuses
479 silly ADD node_modules/serve-static
480 silly ADD node_modules/send
481 silly ADD node_modules/router
482 silly ADD node_modules/range-parser
483 silly ADD node_modules/proxy-addr
484 silly ADD node_modules/parseurl
485 silly ADD node_modules/once
486 silly ADD node_modules/mime-types
487 silly ADD node_modules/merge-descriptors
488 silly ADD node_modules/fresh
489 silly ADD node_modules/finalhandler
490 silly ADD node_modules/etag
491 silly ADD node_modules/escape-html
492 silly ADD node_modules/encodeurl
493 silly ADD node_modules/depd
494 silly ADD node_modules/cookie-signature
495 silly ADD node_modules/cookie
496 silly ADD node_modules/content-disposition
497 silly ADD node_modules/accepts
498 silly ADD node_modules/ms
499 silly ADD node_modules/vary
500 silly ADD node_modules/object-assign
501 silly ADD node_modules/type-is
502 silly ADD node_modules/raw-body
503 silly ADD node_modules/qs
504 silly ADD node_modules/on-finished
505 silly ADD node_modules/iconv-lite
506 silly ADD node_modules/http-errors
507 silly ADD node_modules/debug
508 silly ADD node_modules/content-type
509 silly ADD node_modules/bytes
510 silly ADD node_modules/express
511 silly ADD node_modules/cors
512 silly ADD node_modules/body-parser
513 verbose cwd /data/data/com.termux/files/home/myapp/design-app/cad-pcb-webapp
514 verbose os Linux 4.9.190-perf-gd6489126e4e3
515 verbose node v25.2.1
516 verbose npm  v11.6.2
517 verbose exit 0
518 info ok
